<?xml version="1.0" encoding="UTF-8"?>
<testsuite xmlns:xsi="http://www.w3.org/2001/XMLSchema-instance" xsi:noNamespaceSchemaLocation="https://maven.apache.org/surefire/maven-surefire-plugin/xsd/surefire-test-report.xsd" name="com.fct.nowcoder.TestTime" time="0.533" tests="1" errors="1" skipped="0" failures="0">
  <properties>
    <property name="sun.desktop" value="windows"/>
    <property name="awt.toolkit" value="sun.awt.windows.WToolkit"/>
    <property name="file.encoding.pkg" value="sun.io"/>
    <property name="java.specification.version" value="1.8"/>
    <property name="sun.cpu.isalist" value="amd64"/>
    <property name="sun.jnu.encoding" value="GBK"/>
    <property name="java.class.path" value="D:\project\javaProject\nowcoder\target\test-classes;D:\project\javaProject\nowcoder\target\classes;D:\javasoftware\apache-maven-3.5.4\mvn_resp\org\springframework\boot\spring-boot-starter\2.7.4\spring-boot-starter-2.7.4.jar;D:\javasoftware\apache-maven-3.5.4\mvn_resp\org\springframework\boot\spring-boot\2.7.4\spring-boot-2.7.4.jar;D:\javasoftware\apache-maven-3.5.4\mvn_resp\org\springframework\spring-context\5.3.23\spring-context-5.3.23.jar;D:\javasoftware\apache-maven-3.5.4\mvn_resp\org\springframework\boot\spring-boot-autoconfigure\2.7.4\spring-boot-autoconfigure-2.7.4.jar;D:\javasoftware\apache-maven-3.5.4\mvn_resp\org\springframework\boot\spring-boot-starter-logging\2.7.4\spring-boot-starter-logging-2.7.4.jar;D:\javasoftware\apache-maven-3.5.4\mvn_resp\ch\qos\logback\logback-classic\1.2.11\logback-classic-1.2.11.jar;D:\javasoftware\apache-maven-3.5.4\mvn_resp\ch\qos\logback\logback-core\1.2.11\logback-core-1.2.11.jar;D:\javasoftware\apache-maven-3.5.4\mvn_resp\org\apache\logging\log4j\log4j-to-slf4j\2.17.2\log4j-to-slf4j-2.17.2.jar;D:\javasoftware\apache-maven-3.5.4\mvn_resp\org\apache\logging\log4j\log4j-api\2.17.2\log4j-api-2.17.2.jar;D:\javasoftware\apache-maven-3.5.4\mvn_resp\org\slf4j\jul-to-slf4j\1.7.36\jul-to-slf4j-1.7.36.jar;D:\javasoftware\apache-maven-3.5.4\mvn_resp\jakarta\annotation\jakarta.annotation-api\1.3.5\jakarta.annotation-api-1.3.5.jar;D:\javasoftware\apache-maven-3.5.4\mvn_resp\org\springframework\spring-core\5.3.23\spring-core-5.3.23.jar;D:\javasoftware\apache-maven-3.5.4\mvn_resp\org\springframework\spring-jcl\5.3.23\spring-jcl-5.3.23.jar;D:\javasoftware\apache-maven-3.5.4\mvn_resp\org\yaml\snakeyaml\1.30\snakeyaml-1.30.jar;D:\javasoftware\apache-maven-3.5.4\mvn_resp\org\mybatis\spring\boot\mybatis-spring-boot-starter\2.2.2\mybatis-spring-boot-starter-2.2.2.jar;D:\javasoftware\apache-maven-3.5.4\mvn_resp\org\springframework\boot\spring-boot-starter-jdbc\2.7.4\spring-boot-starter-jdbc-2.7.4.jar;D:\javasoftware\apache-maven-3.5.4\mvn_resp\com\zaxxer\HikariCP\4.0.3\HikariCP-4.0.3.jar;D:\javasoftware\apache-maven-3.5.4\mvn_resp\org\springframework\spring-jdbc\5.3.23\spring-jdbc-5.3.23.jar;D:\javasoftware\apache-maven-3.5.4\mvn_resp\org\mybatis\spring\boot\mybatis-spring-boot-autoconfigure\2.2.2\mybatis-spring-boot-autoconfigure-2.2.2.jar;D:\javasoftware\apache-maven-3.5.4\mvn_resp\org\mybatis\mybatis\3.5.9\mybatis-3.5.9.jar;D:\javasoftware\apache-maven-3.5.4\mvn_resp\org\mybatis\mybatis-spring\2.0.7\mybatis-spring-2.0.7.jar;D:\javasoftware\apache-maven-3.5.4\mvn_resp\org\springframework\boot\spring-boot-starter-web\2.7.4\spring-boot-starter-web-2.7.4.jar;D:\javasoftware\apache-maven-3.5.4\mvn_resp\org\springframework\boot\spring-boot-starter-json\2.7.4\spring-boot-starter-json-2.7.4.jar;D:\javasoftware\apache-maven-3.5.4\mvn_resp\com\fasterxml\jackson\core\jackson-databind\2.13.4\jackson-databind-2.13.4.jar;D:\javasoftware\apache-maven-3.5.4\mvn_resp\com\fasterxml\jackson\core\jackson-annotations\2.13.4\jackson-annotations-2.13.4.jar;D:\javasoftware\apache-maven-3.5.4\mvn_resp\com\fasterxml\jackson\core\jackson-core\2.13.4\jackson-core-2.13.4.jar;D:\javasoftware\apache-maven-3.5.4\mvn_resp\com\fasterxml\jackson\datatype\jackson-datatype-jdk8\2.13.4\jackson-datatype-jdk8-2.13.4.jar;D:\javasoftware\apache-maven-3.5.4\mvn_resp\com\fasterxml\jackson\datatype\jackson-datatype-jsr310\2.13.4\jackson-datatype-jsr310-2.13.4.jar;D:\javasoftware\apache-maven-3.5.4\mvn_resp\com\fasterxml\jackson\module\jackson-module-parameter-names\2.13.4\jackson-module-parameter-names-2.13.4.jar;D:\javasoftware\apache-maven-3.5.4\mvn_resp\org\springframework\boot\spring-boot-starter-tomcat\2.7.4\spring-boot-starter-tomcat-2.7.4.jar;D:\javasoftware\apache-maven-3.5.4\mvn_resp\org\apache\tomcat\embed\tomcat-embed-core\9.0.65\tomcat-embed-core-9.0.65.jar;D:\javasoftware\apache-maven-3.5.4\mvn_resp\org\apache\tomcat\embed\tomcat-embed-websocket\9.0.65\tomcat-embed-websocket-9.0.65.jar;D:\javasoftware\apache-maven-3.5.4\mvn_resp\org\springframework\spring-web\5.3.23\spring-web-5.3.23.jar;D:\javasoftware\apache-maven-3.5.4\mvn_resp\org\springframework\spring-beans\5.3.23\spring-beans-5.3.23.jar;D:\javasoftware\apache-maven-3.5.4\mvn_resp\org\springframework\spring-webmvc\5.3.23\spring-webmvc-5.3.23.jar;D:\javasoftware\apache-maven-3.5.4\mvn_resp\org\springframework\spring-expression\5.3.23\spring-expression-5.3.23.jar;D:\javasoftware\apache-maven-3.5.4\mvn_resp\org\springframework\boot\spring-boot-starter-test\2.7.4\spring-boot-starter-test-2.7.4.jar;D:\javasoftware\apache-maven-3.5.4\mvn_resp\org\springframework\boot\spring-boot-test\2.7.4\spring-boot-test-2.7.4.jar;D:\javasoftware\apache-maven-3.5.4\mvn_resp\org\springframework\boot\spring-boot-test-autoconfigure\2.7.4\spring-boot-test-autoconfigure-2.7.4.jar;D:\javasoftware\apache-maven-3.5.4\mvn_resp\com\jayway\jsonpath\json-path\2.7.0\json-path-2.7.0.jar;D:\javasoftware\apache-maven-3.5.4\mvn_resp\net\minidev\json-smart\2.4.8\json-smart-2.4.8.jar;D:\javasoftware\apache-maven-3.5.4\mvn_resp\net\minidev\accessors-smart\2.4.8\accessors-smart-2.4.8.jar;D:\javasoftware\apache-maven-3.5.4\mvn_resp\org\ow2\asm\asm\9.1\asm-9.1.jar;D:\javasoftware\apache-maven-3.5.4\mvn_resp\jakarta\xml\bind\jakarta.xml.bind-api\2.3.3\jakarta.xml.bind-api-2.3.3.jar;D:\javasoftware\apache-maven-3.5.4\mvn_resp\jakarta\activation\jakarta.activation-api\1.2.2\jakarta.activation-api-1.2.2.jar;D:\javasoftware\apache-maven-3.5.4\mvn_resp\org\assertj\assertj-core\3.22.0\assertj-core-3.22.0.jar;D:\javasoftware\apache-maven-3.5.4\mvn_resp\org\hamcrest\hamcrest\2.2\hamcrest-2.2.jar;D:\javasoftware\apache-maven-3.5.4\mvn_resp\org\junit\jupiter\junit-jupiter\5.8.2\junit-jupiter-5.8.2.jar;D:\javasoftware\apache-maven-3.5.4\mvn_resp\org\junit\jupiter\junit-jupiter-api\5.8.2\junit-jupiter-api-5.8.2.jar;D:\javasoftware\apache-maven-3.5.4\mvn_resp\org\opentest4j\opentest4j\1.2.0\opentest4j-1.2.0.jar;D:\javasoftware\apache-maven-3.5.4\mvn_resp\org\junit\platform\junit-platform-commons\1.8.2\junit-platform-commons-1.8.2.jar;D:\javasoftware\apache-maven-3.5.4\mvn_resp\org\apiguardian\apiguardian-api\1.1.2\apiguardian-api-1.1.2.jar;D:\javasoftware\apache-maven-3.5.4\mvn_resp\org\junit\jupiter\junit-jupiter-params\5.8.2\junit-jupiter-params-5.8.2.jar;D:\javasoftware\apache-maven-3.5.4\mvn_resp\org\junit\jupiter\junit-jupiter-engine\5.8.2\junit-jupiter-engine-5.8.2.jar;D:\javasoftware\apache-maven-3.5.4\mvn_resp\org\junit\platform\junit-platform-engine\1.8.2\junit-platform-engine-1.8.2.jar;D:\javasoftware\apache-maven-3.5.4\mvn_resp\org\mockito\mockito-core\4.5.1\mockito-core-4.5.1.jar;D:\javasoftware\apache-maven-3.5.4\mvn_resp\net\bytebuddy\byte-buddy\1.12.17\byte-buddy-1.12.17.jar;D:\javasoftware\apache-maven-3.5.4\mvn_resp\net\bytebuddy\byte-buddy-agent\1.12.17\byte-buddy-agent-1.12.17.jar;D:\javasoftware\apache-maven-3.5.4\mvn_resp\org\objenesis\objenesis\3.2\objenesis-3.2.jar;D:\javasoftware\apache-maven-3.5.4\mvn_resp\org\mockito\mockito-junit-jupiter\4.5.1\mockito-junit-jupiter-4.5.1.jar;D:\javasoftware\apache-maven-3.5.4\mvn_resp\org\skyscreamer\jsonassert\1.5.1\jsonassert-1.5.1.jar;D:\javasoftware\apache-maven-3.5.4\mvn_resp\com\vaadin\external\google\android-json\0.0.20131108.vaadin1\android-json-0.0.20131108.vaadin1.jar;D:\javasoftware\apache-maven-3.5.4\mvn_resp\org\springframework\spring-test\5.3.23\spring-test-5.3.23.jar;D:\javasoftware\apache-maven-3.5.4\mvn_resp\org\xmlunit\xmlunit-core\2.9.0\xmlunit-core-2.9.0.jar;D:\javasoftware\apache-maven-3.5.4\mvn_resp\mysql\mysql-connector-java\8.0.30\mysql-connector-java-8.0.30.jar;D:\javasoftware\apache-maven-3.5.4\mvn_resp\com\alibaba\druid-spring-boot-starter\1.1.23\druid-spring-boot-starter-1.1.23.jar;D:\javasoftware\apache-maven-3.5.4\mvn_resp\com\alibaba\druid\1.1.23\druid-1.1.23.jar;D:\javasoftware\apache-maven-3.5.4\mvn_resp\org\slf4j\slf4j-api\1.7.36\slf4j-api-1.7.36.jar;D:\javasoftware\apache-maven-3.5.4\mvn_resp\org\projectlombok\lombok\1.18.24\lombok-1.18.24.jar;D:\javasoftware\apache-maven-3.5.4\mvn_resp\org\springframework\boot\spring-boot-starter-thymeleaf\2.7.4\spring-boot-starter-thymeleaf-2.7.4.jar;D:\javasoftware\apache-maven-3.5.4\mvn_resp\org\thymeleaf\thymeleaf-spring5\3.0.15.RELEASE\thymeleaf-spring5-3.0.15.RELEASE.jar;D:\javasoftware\apache-maven-3.5.4\mvn_resp\org\thymeleaf\thymeleaf\3.0.15.RELEASE\thymeleaf-3.0.15.RELEASE.jar;D:\javasoftware\apache-maven-3.5.4\mvn_resp\org\attoparser\attoparser\2.0.5.RELEASE\attoparser-2.0.5.RELEASE.jar;D:\javasoftware\apache-maven-3.5.4\mvn_resp\org\unbescape\unbescape\1.1.6.RELEASE\unbescape-1.1.6.RELEASE.jar;D:\javasoftware\apache-maven-3.5.4\mvn_resp\org\thymeleaf\extras\thymeleaf-extras-java8time\3.0.4.RELEASE\thymeleaf-extras-java8time-3.0.4.RELEASE.jar;D:\javasoftware\apache-maven-3.5.4\mvn_resp\org\springframework\boot\spring-boot-starter-aop\2.7.4\spring-boot-starter-aop-2.7.4.jar;D:\javasoftware\apache-maven-3.5.4\mvn_resp\org\springframework\spring-aop\5.3.23\spring-aop-5.3.23.jar;D:\javasoftware\apache-maven-3.5.4\mvn_resp\org\aspectj\aspectjweaver\1.9.7\aspectjweaver-1.9.7.jar;D:\javasoftware\apache-maven-3.5.4\mvn_resp\org\springframework\boot\spring-boot-devtools\2.7.4\spring-boot-devtools-2.7.4.jar;D:\javasoftware\apache-maven-3.5.4\mvn_resp\org\springframework\boot\spring-boot-starter-data-redis\2.7.4\spring-boot-starter-data-redis-2.7.4.jar;D:\javasoftware\apache-maven-3.5.4\mvn_resp\org\springframework\data\spring-data-redis\2.7.3\spring-data-redis-2.7.3.jar;D:\javasoftware\apache-maven-3.5.4\mvn_resp\org\springframework\data\spring-data-keyvalue\2.7.3\spring-data-keyvalue-2.7.3.jar;D:\javasoftware\apache-maven-3.5.4\mvn_resp\org\springframework\data\spring-data-commons\2.7.3\spring-data-commons-2.7.3.jar;D:\javasoftware\apache-maven-3.5.4\mvn_resp\org\springframework\spring-tx\5.3.23\spring-tx-5.3.23.jar;D:\javasoftware\apache-maven-3.5.4\mvn_resp\org\springframework\spring-oxm\5.3.23\spring-oxm-5.3.23.jar;D:\javasoftware\apache-maven-3.5.4\mvn_resp\io\lettuce\lettuce-core\6.1.9.RELEASE\lettuce-core-6.1.9.RELEASE.jar;D:\javasoftware\apache-maven-3.5.4\mvn_resp\io\netty\netty-common\4.1.82.Final\netty-common-4.1.82.Final.jar;D:\javasoftware\apache-maven-3.5.4\mvn_resp\io\netty\netty-handler\4.1.82.Final\netty-handler-4.1.82.Final.jar;D:\javasoftware\apache-maven-3.5.4\mvn_resp\io\netty\netty-resolver\4.1.82.Final\netty-resolver-4.1.82.Final.jar;D:\javasoftware\apache-maven-3.5.4\mvn_resp\io\netty\netty-buffer\4.1.82.Final\netty-buffer-4.1.82.Final.jar;D:\javasoftware\apache-maven-3.5.4\mvn_resp\io\netty\netty-transport-native-unix-common\4.1.82.Final\netty-transport-native-unix-common-4.1.82.Final.jar;D:\javasoftware\apache-maven-3.5.4\mvn_resp\io\netty\netty-codec\4.1.82.Final\netty-codec-4.1.82.Final.jar;D:\javasoftware\apache-maven-3.5.4\mvn_resp\io\netty\netty-transport\4.1.82.Final\netty-transport-4.1.82.Final.jar;D:\javasoftware\apache-maven-3.5.4\mvn_resp\io\projectreactor\reactor-core\3.4.23\reactor-core-3.4.23.jar;D:\javasoftware\apache-maven-3.5.4\mvn_resp\org\reactivestreams\reactive-streams\1.0.4\reactive-streams-1.0.4.jar;D:\javasoftware\apache-maven-3.5.4\mvn_resp\org\apache\commons\commons-lang3\3.12.0\commons-lang3-3.12.0.jar;D:\javasoftware\apache-maven-3.5.4\mvn_resp\org\springframework\boot\spring-boot-starter-mail\2.7.4\spring-boot-starter-mail-2.7.4.jar;D:\javasoftware\apache-maven-3.5.4\mvn_resp\org\springframework\spring-context-support\5.3.23\spring-context-support-5.3.23.jar;D:\javasoftware\apache-maven-3.5.4\mvn_resp\com\sun\mail\jakarta.mail\1.6.7\jakarta.mail-1.6.7.jar;D:\javasoftware\apache-maven-3.5.4\mvn_resp\com\sun\activation\jakarta.activation\1.2.2\jakarta.activation-1.2.2.jar;D:\javasoftware\apache-maven-3.5.4\mvn_resp\com\github\ulisesbocchio\jasypt-spring-boot-starter\3.0.5\jasypt-spring-boot-starter-3.0.5.jar;D:\javasoftware\apache-maven-3.5.4\mvn_resp\com\github\ulisesbocchio\jasypt-spring-boot\3.0.5\jasypt-spring-boot-3.0.5.jar;D:\javasoftware\apache-maven-3.5.4\mvn_resp\org\jasypt\jasypt\1.9.3\jasypt-1.9.3.jar;D:\javasoftware\apache-maven-3.5.4\mvn_resp\org\springframework\boot\spring-boot-starter-validation\2.7.4\spring-boot-starter-validation-2.7.4.jar;D:\javasoftware\apache-maven-3.5.4\mvn_resp\org\apache\tomcat\embed\tomcat-embed-el\9.0.65\tomcat-embed-el-9.0.65.jar;D:\javasoftware\apache-maven-3.5.4\mvn_resp\org\hibernate\validator\hibernate-validator\6.2.5.Final\hibernate-validator-6.2.5.Final.jar;D:\javasoftware\apache-maven-3.5.4\mvn_resp\jakarta\validation\jakarta.validation-api\2.0.2\jakarta.validation-api-2.0.2.jar;D:\javasoftware\apache-maven-3.5.4\mvn_resp\org\jboss\logging\jboss-logging\3.4.3.Final\jboss-logging-3.4.3.Final.jar;D:\javasoftware\apache-maven-3.5.4\mvn_resp\com\fasterxml\classmate\1.5.1\classmate-1.5.1.jar;D:\javasoftware\apache-maven-3.5.4\mvn_resp\com\github\penggle\kaptcha\2.3.2\kaptcha-2.3.2.jar;D:\javasoftware\apache-maven-3.5.4\mvn_resp\javax\servlet\javax.servlet-api\4.0.1\javax.servlet-api-4.0.1.jar;D:\javasoftware\apache-maven-3.5.4\mvn_resp\com\jhlabs\filters\2.0.235-1\filters-2.0.235-1.jar;D:\javasoftware\apache-maven-3.5.4\mvn_resp\com\alibaba\fastjson\2.0.22\fastjson-2.0.22.jar;D:\javasoftware\apache-maven-3.5.4\mvn_resp\com\alibaba\fastjson2\fastjson2-extension\2.0.22\fastjson2-extension-2.0.22.jar;D:\javasoftware\apache-maven-3.5.4\mvn_resp\com\alibaba\fastjson2\fastjson2\2.0.22\fastjson2-2.0.22.jar;"/>
    <property name="java.vm.vendor" value="Oracle Corporation"/>
    <property name="sun.arch.data.model" value="64"/>
    <property name="user.variant" value=""/>
    <property name="java.vendor.url" value="http://java.oracle.com/"/>
    <property name="user.timezone" value="Asia/Shanghai"/>
    <property name="java.vm.specification.version" value="1.8"/>
    <property name="os.name" value="Windows 10"/>
    <property name="user.country" value="CN"/>
    <property name="sun.java.launcher" value="SUN_STANDARD"/>
    <property name="sun.boot.library.path" value="C:\Program Files\Java\jdk1.8.0_251\jre\bin"/>
    <property name="sun.java.command" value="C:\Users\fct\AppData\Local\Temp\surefire6598669487552810508\surefirebooter6485083400443931755.jar C:\Users\fct\AppData\Local\Temp\surefire6598669487552810508 2023-03-13T16-25-27_487-jvmRun1 surefire8374973123816422287tmp surefire_02907996764018086189tmp"/>
    <property name="surefire.test.class.path" value="D:\project\javaProject\nowcoder\target\test-classes;D:\project\javaProject\nowcoder\target\classes;D:\javasoftware\apache-maven-3.5.4\mvn_resp\org\springframework\boot\spring-boot-starter\2.7.4\spring-boot-starter-2.7.4.jar;D:\javasoftware\apache-maven-3.5.4\mvn_resp\org\springframework\boot\spring-boot\2.7.4\spring-boot-2.7.4.jar;D:\javasoftware\apache-maven-3.5.4\mvn_resp\org\springframework\spring-context\5.3.23\spring-context-5.3.23.jar;D:\javasoftware\apache-maven-3.5.4\mvn_resp\org\springframework\boot\spring-boot-autoconfigure\2.7.4\spring-boot-autoconfigure-2.7.4.jar;D:\javasoftware\apache-maven-3.5.4\mvn_resp\org\springframework\boot\spring-boot-starter-logging\2.7.4\spring-boot-starter-logging-2.7.4.jar;D:\javasoftware\apache-maven-3.5.4\mvn_resp\ch\qos\logback\logback-classic\1.2.11\logback-classic-1.2.11.jar;D:\javasoftware\apache-maven-3.5.4\mvn_resp\ch\qos\logback\logback-core\1.2.11\logback-core-1.2.11.jar;D:\javasoftware\apache-maven-3.5.4\mvn_resp\org\apache\logging\log4j\log4j-to-slf4j\2.17.2\log4j-to-slf4j-2.17.2.jar;D:\javasoftware\apache-maven-3.5.4\mvn_resp\org\apache\logging\log4j\log4j-api\2.17.2\log4j-api-2.17.2.jar;D:\javasoftware\apache-maven-3.5.4\mvn_resp\org\slf4j\jul-to-slf4j\1.7.36\jul-to-slf4j-1.7.36.jar;D:\javasoftware\apache-maven-3.5.4\mvn_resp\jakarta\annotation\jakarta.annotation-api\1.3.5\jakarta.annotation-api-1.3.5.jar;D:\javasoftware\apache-maven-3.5.4\mvn_resp\org\springframework\spring-core\5.3.23\spring-core-5.3.23.jar;D:\javasoftware\apache-maven-3.5.4\mvn_resp\org\springframework\spring-jcl\5.3.23\spring-jcl-5.3.23.jar;D:\javasoftware\apache-maven-3.5.4\mvn_resp\org\yaml\snakeyaml\1.30\snakeyaml-1.30.jar;D:\javasoftware\apache-maven-3.5.4\mvn_resp\org\mybatis\spring\boot\mybatis-spring-boot-starter\2.2.2\mybatis-spring-boot-starter-2.2.2.jar;D:\javasoftware\apache-maven-3.5.4\mvn_resp\org\springframework\boot\spring-boot-starter-jdbc\2.7.4\spring-boot-starter-jdbc-2.7.4.jar;D:\javasoftware\apache-maven-3.5.4\mvn_resp\com\zaxxer\HikariCP\4.0.3\HikariCP-4.0.3.jar;D:\javasoftware\apache-maven-3.5.4\mvn_resp\org\springframework\spring-jdbc\5.3.23\spring-jdbc-5.3.23.jar;D:\javasoftware\apache-maven-3.5.4\mvn_resp\org\mybatis\spring\boot\mybatis-spring-boot-autoconfigure\2.2.2\mybatis-spring-boot-autoconfigure-2.2.2.jar;D:\javasoftware\apache-maven-3.5.4\mvn_resp\org\mybatis\mybatis\3.5.9\mybatis-3.5.9.jar;D:\javasoftware\apache-maven-3.5.4\mvn_resp\org\mybatis\mybatis-spring\2.0.7\mybatis-spring-2.0.7.jar;D:\javasoftware\apache-maven-3.5.4\mvn_resp\org\springframework\boot\spring-boot-starter-web\2.7.4\spring-boot-starter-web-2.7.4.jar;D:\javasoftware\apache-maven-3.5.4\mvn_resp\org\springframework\boot\spring-boot-starter-json\2.7.4\spring-boot-starter-json-2.7.4.jar;D:\javasoftware\apache-maven-3.5.4\mvn_resp\com\fasterxml\jackson\core\jackson-databind\2.13.4\jackson-databind-2.13.4.jar;D:\javasoftware\apache-maven-3.5.4\mvn_resp\com\fasterxml\jackson\core\jackson-annotations\2.13.4\jackson-annotations-2.13.4.jar;D:\javasoftware\apache-maven-3.5.4\mvn_resp\com\fasterxml\jackson\core\jackson-core\2.13.4\jackson-core-2.13.4.jar;D:\javasoftware\apache-maven-3.5.4\mvn_resp\com\fasterxml\jackson\datatype\jackson-datatype-jdk8\2.13.4\jackson-datatype-jdk8-2.13.4.jar;D:\javasoftware\apache-maven-3.5.4\mvn_resp\com\fasterxml\jackson\datatype\jackson-datatype-jsr310\2.13.4\jackson-datatype-jsr310-2.13.4.jar;D:\javasoftware\apache-maven-3.5.4\mvn_resp\com\fasterxml\jackson\module\jackson-module-parameter-names\2.13.4\jackson-module-parameter-names-2.13.4.jar;D:\javasoftware\apache-maven-3.5.4\mvn_resp\org\springframework\boot\spring-boot-starter-tomcat\2.7.4\spring-boot-starter-tomcat-2.7.4.jar;D:\javasoftware\apache-maven-3.5.4\mvn_resp\org\apache\tomcat\embed\tomcat-embed-core\9.0.65\tomcat-embed-core-9.0.65.jar;D:\javasoftware\apache-maven-3.5.4\mvn_resp\org\apache\tomcat\embed\tomcat-embed-websocket\9.0.65\tomcat-embed-websocket-9.0.65.jar;D:\javasoftware\apache-maven-3.5.4\mvn_resp\org\springframework\spring-web\5.3.23\spring-web-5.3.23.jar;D:\javasoftware\apache-maven-3.5.4\mvn_resp\org\springframework\spring-beans\5.3.23\spring-beans-5.3.23.jar;D:\javasoftware\apache-maven-3.5.4\mvn_resp\org\springframework\spring-webmvc\5.3.23\spring-webmvc-5.3.23.jar;D:\javasoftware\apache-maven-3.5.4\mvn_resp\org\springframework\spring-expression\5.3.23\spring-expression-5.3.23.jar;D:\javasoftware\apache-maven-3.5.4\mvn_resp\org\springframework\boot\spring-boot-starter-test\2.7.4\spring-boot-starter-test-2.7.4.jar;D:\javasoftware\apache-maven-3.5.4\mvn_resp\org\springframework\boot\spring-boot-test\2.7.4\spring-boot-test-2.7.4.jar;D:\javasoftware\apache-maven-3.5.4\mvn_resp\org\springframework\boot\spring-boot-test-autoconfigure\2.7.4\spring-boot-test-autoconfigure-2.7.4.jar;D:\javasoftware\apache-maven-3.5.4\mvn_resp\com\jayway\jsonpath\json-path\2.7.0\json-path-2.7.0.jar;D:\javasoftware\apache-maven-3.5.4\mvn_resp\net\minidev\json-smart\2.4.8\json-smart-2.4.8.jar;D:\javasoftware\apache-maven-3.5.4\mvn_resp\net\minidev\accessors-smart\2.4.8\accessors-smart-2.4.8.jar;D:\javasoftware\apache-maven-3.5.4\mvn_resp\org\ow2\asm\asm\9.1\asm-9.1.jar;D:\javasoftware\apache-maven-3.5.4\mvn_resp\jakarta\xml\bind\jakarta.xml.bind-api\2.3.3\jakarta.xml.bind-api-2.3.3.jar;D:\javasoftware\apache-maven-3.5.4\mvn_resp\jakarta\activation\jakarta.activation-api\1.2.2\jakarta.activation-api-1.2.2.jar;D:\javasoftware\apache-maven-3.5.4\mvn_resp\org\assertj\assertj-core\3.22.0\assertj-core-3.22.0.jar;D:\javasoftware\apache-maven-3.5.4\mvn_resp\org\hamcrest\hamcrest\2.2\hamcrest-2.2.jar;D:\javasoftware\apache-maven-3.5.4\mvn_resp\org\junit\jupiter\junit-jupiter\5.8.2\junit-jupiter-5.8.2.jar;D:\javasoftware\apache-maven-3.5.4\mvn_resp\org\junit\jupiter\junit-jupiter-api\5.8.2\junit-jupiter-api-5.8.2.jar;D:\javasoftware\apache-maven-3.5.4\mvn_resp\org\opentest4j\opentest4j\1.2.0\opentest4j-1.2.0.jar;D:\javasoftware\apache-maven-3.5.4\mvn_resp\org\junit\platform\junit-platform-commons\1.8.2\junit-platform-commons-1.8.2.jar;D:\javasoftware\apache-maven-3.5.4\mvn_resp\org\apiguardian\apiguardian-api\1.1.2\apiguardian-api-1.1.2.jar;D:\javasoftware\apache-maven-3.5.4\mvn_resp\org\junit\jupiter\junit-jupiter-params\5.8.2\junit-jupiter-params-5.8.2.jar;D:\javasoftware\apache-maven-3.5.4\mvn_resp\org\junit\jupiter\junit-jupiter-engine\5.8.2\junit-jupiter-engine-5.8.2.jar;D:\javasoftware\apache-maven-3.5.4\mvn_resp\org\junit\platform\junit-platform-engine\1.8.2\junit-platform-engine-1.8.2.jar;D:\javasoftware\apache-maven-3.5.4\mvn_resp\org\mockito\mockito-core\4.5.1\mockito-core-4.5.1.jar;D:\javasoftware\apache-maven-3.5.4\mvn_resp\net\bytebuddy\byte-buddy\1.12.17\byte-buddy-1.12.17.jar;D:\javasoftware\apache-maven-3.5.4\mvn_resp\net\bytebuddy\byte-buddy-agent\1.12.17\byte-buddy-agent-1.12.17.jar;D:\javasoftware\apache-maven-3.5.4\mvn_resp\org\objenesis\objenesis\3.2\objenesis-3.2.jar;D:\javasoftware\apache-maven-3.5.4\mvn_resp\org\mockito\mockito-junit-jupiter\4.5.1\mockito-junit-jupiter-4.5.1.jar;D:\javasoftware\apache-maven-3.5.4\mvn_resp\org\skyscreamer\jsonassert\1.5.1\jsonassert-1.5.1.jar;D:\javasoftware\apache-maven-3.5.4\mvn_resp\com\vaadin\external\google\android-json\0.0.20131108.vaadin1\android-json-0.0.20131108.vaadin1.jar;D:\javasoftware\apache-maven-3.5.4\mvn_resp\org\springframework\spring-test\5.3.23\spring-test-5.3.23.jar;D:\javasoftware\apache-maven-3.5.4\mvn_resp\org\xmlunit\xmlunit-core\2.9.0\xmlunit-core-2.9.0.jar;D:\javasoftware\apache-maven-3.5.4\mvn_resp\mysql\mysql-connector-java\8.0.30\mysql-connector-java-8.0.30.jar;D:\javasoftware\apache-maven-3.5.4\mvn_resp\com\alibaba\druid-spring-boot-starter\1.1.23\druid-spring-boot-starter-1.1.23.jar;D:\javasoftware\apache-maven-3.5.4\mvn_resp\com\alibaba\druid\1.1.23\druid-1.1.23.jar;D:\javasoftware\apache-maven-3.5.4\mvn_resp\org\slf4j\slf4j-api\1.7.36\slf4j-api-1.7.36.jar;D:\javasoftware\apache-maven-3.5.4\mvn_resp\org\projectlombok\lombok\1.18.24\lombok-1.18.24.jar;D:\javasoftware\apache-maven-3.5.4\mvn_resp\org\springframework\boot\spring-boot-starter-thymeleaf\2.7.4\spring-boot-starter-thymeleaf-2.7.4.jar;D:\javasoftware\apache-maven-3.5.4\mvn_resp\org\thymeleaf\thymeleaf-spring5\3.0.15.RELEASE\thymeleaf-spring5-3.0.15.RELEASE.jar;D:\javasoftware\apache-maven-3.5.4\mvn_resp\org\thymeleaf\thymeleaf\3.0.15.RELEASE\thymeleaf-3.0.15.RELEASE.jar;D:\javasoftware\apache-maven-3.5.4\mvn_resp\org\attoparser\attoparser\2.0.5.RELEASE\attoparser-2.0.5.RELEASE.jar;D:\javasoftware\apache-maven-3.5.4\mvn_resp\org\unbescape\unbescape\1.1.6.RELEASE\unbescape-1.1.6.RELEASE.jar;D:\javasoftware\apache-maven-3.5.4\mvn_resp\org\thymeleaf\extras\thymeleaf-extras-java8time\3.0.4.RELEASE\thymeleaf-extras-java8time-3.0.4.RELEASE.jar;D:\javasoftware\apache-maven-3.5.4\mvn_resp\org\springframework\boot\spring-boot-starter-aop\2.7.4\spring-boot-starter-aop-2.7.4.jar;D:\javasoftware\apache-maven-3.5.4\mvn_resp\org\springframework\spring-aop\5.3.23\spring-aop-5.3.23.jar;D:\javasoftware\apache-maven-3.5.4\mvn_resp\org\aspectj\aspectjweaver\1.9.7\aspectjweaver-1.9.7.jar;D:\javasoftware\apache-maven-3.5.4\mvn_resp\org\springframework\boot\spring-boot-devtools\2.7.4\spring-boot-devtools-2.7.4.jar;D:\javasoftware\apache-maven-3.5.4\mvn_resp\org\springframework\boot\spring-boot-starter-data-redis\2.7.4\spring-boot-starter-data-redis-2.7.4.jar;D:\javasoftware\apache-maven-3.5.4\mvn_resp\org\springframework\data\spring-data-redis\2.7.3\spring-data-redis-2.7.3.jar;D:\javasoftware\apache-maven-3.5.4\mvn_resp\org\springframework\data\spring-data-keyvalue\2.7.3\spring-data-keyvalue-2.7.3.jar;D:\javasoftware\apache-maven-3.5.4\mvn_resp\org\springframework\data\spring-data-commons\2.7.3\spring-data-commons-2.7.3.jar;D:\javasoftware\apache-maven-3.5.4\mvn_resp\org\springframework\spring-tx\5.3.23\spring-tx-5.3.23.jar;D:\javasoftware\apache-maven-3.5.4\mvn_resp\org\springframework\spring-oxm\5.3.23\spring-oxm-5.3.23.jar;D:\javasoftware\apache-maven-3.5.4\mvn_resp\io\lettuce\lettuce-core\6.1.9.RELEASE\lettuce-core-6.1.9.RELEASE.jar;D:\javasoftware\apache-maven-3.5.4\mvn_resp\io\netty\netty-common\4.1.82.Final\netty-common-4.1.82.Final.jar;D:\javasoftware\apache-maven-3.5.4\mvn_resp\io\netty\netty-handler\4.1.82.Final\netty-handler-4.1.82.Final.jar;D:\javasoftware\apache-maven-3.5.4\mvn_resp\io\netty\netty-resolver\4.1.82.Final\netty-resolver-4.1.82.Final.jar;D:\javasoftware\apache-maven-3.5.4\mvn_resp\io\netty\netty-buffer\4.1.82.Final\netty-buffer-4.1.82.Final.jar;D:\javasoftware\apache-maven-3.5.4\mvn_resp\io\netty\netty-transport-native-unix-common\4.1.82.Final\netty-transport-native-unix-common-4.1.82.Final.jar;D:\javasoftware\apache-maven-3.5.4\mvn_resp\io\netty\netty-codec\4.1.82.Final\netty-codec-4.1.82.Final.jar;D:\javasoftware\apache-maven-3.5.4\mvn_resp\io\netty\netty-transport\4.1.82.Final\netty-transport-4.1.82.Final.jar;D:\javasoftware\apache-maven-3.5.4\mvn_resp\io\projectreactor\reactor-core\3.4.23\reactor-core-3.4.23.jar;D:\javasoftware\apache-maven-3.5.4\mvn_resp\org\reactivestreams\reactive-streams\1.0.4\reactive-streams-1.0.4.jar;D:\javasoftware\apache-maven-3.5.4\mvn_resp\org\apache\commons\commons-lang3\3.12.0\commons-lang3-3.12.0.jar;D:\javasoftware\apache-maven-3.5.4\mvn_resp\org\springframework\boot\spring-boot-starter-mail\2.7.4\spring-boot-starter-mail-2.7.4.jar;D:\javasoftware\apache-maven-3.5.4\mvn_resp\org\springframework\spring-context-support\5.3.23\spring-context-support-5.3.23.jar;D:\javasoftware\apache-maven-3.5.4\mvn_resp\com\sun\mail\jakarta.mail\1.6.7\jakarta.mail-1.6.7.jar;D:\javasoftware\apache-maven-3.5.4\mvn_resp\com\sun\activation\jakarta.activation\1.2.2\jakarta.activation-1.2.2.jar;D:\javasoftware\apache-maven-3.5.4\mvn_resp\com\github\ulisesbocchio\jasypt-spring-boot-starter\3.0.5\jasypt-spring-boot-starter-3.0.5.jar;D:\javasoftware\apache-maven-3.5.4\mvn_resp\com\github\ulisesbocchio\jasypt-spring-boot\3.0.5\jasypt-spring-boot-3.0.5.jar;D:\javasoftware\apache-maven-3.5.4\mvn_resp\org\jasypt\jasypt\1.9.3\jasypt-1.9.3.jar;D:\javasoftware\apache-maven-3.5.4\mvn_resp\org\springframework\boot\spring-boot-starter-validation\2.7.4\spring-boot-starter-validation-2.7.4.jar;D:\javasoftware\apache-maven-3.5.4\mvn_resp\org\apache\tomcat\embed\tomcat-embed-el\9.0.65\tomcat-embed-el-9.0.65.jar;D:\javasoftware\apache-maven-3.5.4\mvn_resp\org\hibernate\validator\hibernate-validator\6.2.5.Final\hibernate-validator-6.2.5.Final.jar;D:\javasoftware\apache-maven-3.5.4\mvn_resp\jakarta\validation\jakarta.validation-api\2.0.2\jakarta.validation-api-2.0.2.jar;D:\javasoftware\apache-maven-3.5.4\mvn_resp\org\jboss\logging\jboss-logging\3.4.3.Final\jboss-logging-3.4.3.Final.jar;D:\javasoftware\apache-maven-3.5.4\mvn_resp\com\fasterxml\classmate\1.5.1\classmate-1.5.1.jar;D:\javasoftware\apache-maven-3.5.4\mvn_resp\com\github\penggle\kaptcha\2.3.2\kaptcha-2.3.2.jar;D:\javasoftware\apache-maven-3.5.4\mvn_resp\javax\servlet\javax.servlet-api\4.0.1\javax.servlet-api-4.0.1.jar;D:\javasoftware\apache-maven-3.5.4\mvn_resp\com\jhlabs\filters\2.0.235-1\filters-2.0.235-1.jar;D:\javasoftware\apache-maven-3.5.4\mvn_resp\com\alibaba\fastjson\2.0.22\fastjson-2.0.22.jar;D:\javasoftware\apache-maven-3.5.4\mvn_resp\com\alibaba\fastjson2\fastjson2-extension\2.0.22\fastjson2-extension-2.0.22.jar;D:\javasoftware\apache-maven-3.5.4\mvn_resp\com\alibaba\fastjson2\fastjson2\2.0.22\fastjson2-2.0.22.jar;"/>
    <property name="sun.cpu.endian" value="little"/>
    <property name="user.home" value="C:\Users\fct"/>
    <property name="user.language" value="zh"/>
    <property name="java.specification.vendor" value="Oracle Corporation"/>
    <property name="java.home" value="C:\Program Files\Java\jdk1.8.0_251\jre"/>
    <property name="basedir" value="D:\project\javaProject\nowcoder"/>
    <property name="file.separator" value="\"/>
    <property name="line.separator" value="&#10;"/>
    <property name="java.vm.specification.vendor" value="Oracle Corporation"/>
    <property name="java.specification.name" value="Java Platform API Specification"/>
    <property name="java.awt.graphicsenv" value="sun.awt.Win32GraphicsEnvironment"/>
    <property name="surefire.real.class.path" value="C:\Users\fct\AppData\Local\Temp\surefire6598669487552810508\surefirebooter6485083400443931755.jar"/>
    <property name="sun.boot.class.path" value="C:\Program Files\Java\jdk1.8.0_251\jre\lib\resources.jar;C:\Program Files\Java\jdk1.8.0_251\jre\lib\rt.jar;C:\Program Files\Java\jdk1.8.0_251\jre\lib\sunrsasign.jar;C:\Program Files\Java\jdk1.8.0_251\jre\lib\jsse.jar;C:\Program Files\Java\jdk1.8.0_251\jre\lib\jce.jar;C:\Program Files\Java\jdk1.8.0_251\jre\lib\charsets.jar;C:\Program Files\Java\jdk1.8.0_251\jre\lib\jfr.jar;C:\Program Files\Java\jdk1.8.0_251\jre\classes"/>
    <property name="user.script" value=""/>
    <property name="sun.management.compiler" value="HotSpot 64-Bit Tiered Compilers"/>
    <property name="java.runtime.version" value="1.8.0_251-b08"/>
    <property name="user.name" value="fct"/>
    <property name="path.separator" value=";"/>
    <property name="os.version" value="10.0"/>
    <property name="java.endorsed.dirs" value="C:\Program Files\Java\jdk1.8.0_251\jre\lib\endorsed"/>
    <property name="java.runtime.name" value="Java(TM) SE Runtime Environment"/>
    <property name="file.encoding" value="GBK"/>
    <property name="java.vm.name" value="Java HotSpot(TM) 64-Bit Server VM"/>
    <property name="localRepository" value="D:\javasoftware\apache-maven-3.5.4\mvn_resp"/>
    <property name="java.vendor.url.bug" value="http://bugreport.sun.com/bugreport/"/>
    <property name="java.io.tmpdir" value="C:\Users\fct\AppData\Local\Temp\"/>
    <property name="idea.version" value="2021.3.3"/>
    <property name="java.version" value="1.8.0_251"/>
    <property name="user.dir" value="D:\project\javaProject\nowcoder"/>
    <property name="os.arch" value="amd64"/>
    <property name="java.vm.specification.name" value="Java Virtual Machine Specification"/>
    <property name="java.awt.printerjob" value="sun.awt.windows.WPrinterJob"/>
    <property name="sun.os.patch.level" value=""/>
    <property name="java.library.path" value="C:\Program Files\Java\jdk1.8.0_251\jre\bin;C:\WINDOWS\Sun\Java\bin;C:\WINDOWS\system32;C:\WINDOWS;D:\vmware\bin\;c:\gtk\bin;C:\Program Files\Common Files\Oracle\Java\javapath;C:\WINDOWS\system32;C:\WINDOWS;C:\WINDOWS\System32\Wbem;C:\WINDOWS\System32\WindowsPowerShell\v1.0\;C:\WINDOWS\System32\OpenSSH\;C:\Program Files\Java\jdk1.8.0_251\bin;C:\Users\方丛涛\AppData\Local\Microsoft\WindowsApps;%J;VA_HOME%bin;C:\Program Files\MySQL\MySQL Server 8.0\bin;D:\javasoftware\apache-maven-3.8.5\bin;C:\Program Files\Java\jdk1.8.0_251\jre\bin;C:\Program Files\Git\cmd;D:\douyinbot\Douyin-Bot\Tools;C:\Users\fct\AppData\Local\Programs\Python\Python311\Scripts\;C:\Users\fct\AppData\Local\Programs\Python\Python311\;C:\Users\fct\AppData\Local\Microsoft\WindowsApps;C:\Users\方丛涛\AppData\Local\Programs\Microsoft VS Code\bin;C:\Program Files\JetBrains\IntelliJ IDEA 2021.3.3\bin;;C:\Program Files\JetBrains\PyCharm Community Edition 2022.3.2\bin;;D:\douyinbot\Douyin-Bot\Tools;;."/>
    <property name="java.vm.info" value="mixed mode"/>
    <property name="java.vendor" value="Oracle Corporation"/>
    <property name="java.vm.version" value="25.251-b08"/>
    <property name="java.ext.dirs" value="C:\Program Files\Java\jdk1.8.0_251\jre\lib\ext;C:\WINDOWS\Sun\Java\lib\ext"/>
    <property name="sun.io.unicode.encoding" value="UnicodeLittle"/>
    <property name="java.class.version" value="52.0"/>
  </properties>
  <testcase name="test1" classname="com.fct.nowcoder.TestTime" time="0">
    <error message="Failed to load ApplicationContext" type="java.lang.IllegalStateException">java.lang.IllegalStateException: Failed to load ApplicationContext
Caused by: org.springframework.beans.factory.BeanCreationException: Error creating bean with name 'mvcConfig': Injection of resource dependencies failed; nested exception is org.springframework.beans.factory.BeanCreationException: Error creating bean with name 'loginTicketInterceptor': Injection of resource dependencies failed; nested exception is org.springframework.beans.factory.UnsatisfiedDependencyException: Error creating bean with name 'userServiceImpl': Unsatisfied dependency expressed through field 'mailClient'; nested exception is org.springframework.beans.factory.BeanCreationException: Error creating bean with name 'mailClient': Injection of resource dependencies failed; nested exception is org.springframework.beans.factory.UnsatisfiedDependencyException: Error creating bean with name 'mailSender' defined in class path resource [org/springframework/boot/autoconfigure/mail/MailSenderPropertiesConfiguration.class]: Unsatisfied dependency expressed through method 'mailSender' parameter 0; nested exception is org.springframework.boot.context.properties.ConfigurationPropertiesBindException: Error creating bean with name 'spring.mail-org.springframework.boot.autoconfigure.mail.MailProperties': Could not bind properties to 'MailProperties' : prefix=spring.mail, ignoreInvalidFields=false, ignoreUnknownFields=true; nested exception is org.springframework.boot.context.properties.bind.BindException: Failed to bind properties under 'spring.mail.password' to java.lang.String
Caused by: org.springframework.beans.factory.BeanCreationException: Error creating bean with name 'loginTicketInterceptor': Injection of resource dependencies failed; nested exception is org.springframework.beans.factory.UnsatisfiedDependencyException: Error creating bean with name 'userServiceImpl': Unsatisfied dependency expressed through field 'mailClient'; nested exception is org.springframework.beans.factory.BeanCreationException: Error creating bean with name 'mailClient': Injection of resource dependencies failed; nested exception is org.springframework.beans.factory.UnsatisfiedDependencyException: Error creating bean with name 'mailSender' defined in class path resource [org/springframework/boot/autoconfigure/mail/MailSenderPropertiesConfiguration.class]: Unsatisfied dependency expressed through method 'mailSender' parameter 0; nested exception is org.springframework.boot.context.properties.ConfigurationPropertiesBindException: Error creating bean with name 'spring.mail-org.springframework.boot.autoconfigure.mail.MailProperties': Could not bind properties to 'MailProperties' : prefix=spring.mail, ignoreInvalidFields=false, ignoreUnknownFields=true; nested exception is org.springframework.boot.context.properties.bind.BindException: Failed to bind properties under 'spring.mail.password' to java.lang.String
Caused by: org.springframework.beans.factory.UnsatisfiedDependencyException: Error creating bean with name 'userServiceImpl': Unsatisfied dependency expressed through field 'mailClient'; nested exception is org.springframework.beans.factory.BeanCreationException: Error creating bean with name 'mailClient': Injection of resource dependencies failed; nested exception is org.springframework.beans.factory.UnsatisfiedDependencyException: Error creating bean with name 'mailSender' defined in class path resource [org/springframework/boot/autoconfigure/mail/MailSenderPropertiesConfiguration.class]: Unsatisfied dependency expressed through method 'mailSender' parameter 0; nested exception is org.springframework.boot.context.properties.ConfigurationPropertiesBindException: Error creating bean with name 'spring.mail-org.springframework.boot.autoconfigure.mail.MailProperties': Could not bind properties to 'MailProperties' : prefix=spring.mail, ignoreInvalidFields=false, ignoreUnknownFields=true; nested exception is org.springframework.boot.context.properties.bind.BindException: Failed to bind properties under 'spring.mail.password' to java.lang.String
Caused by: org.springframework.beans.factory.BeanCreationException: Error creating bean with name 'mailClient': Injection of resource dependencies failed; nested exception is org.springframework.beans.factory.UnsatisfiedDependencyException: Error creating bean with name 'mailSender' defined in class path resource [org/springframework/boot/autoconfigure/mail/MailSenderPropertiesConfiguration.class]: Unsatisfied dependency expressed through method 'mailSender' parameter 0; nested exception is org.springframework.boot.context.properties.ConfigurationPropertiesBindException: Error creating bean with name 'spring.mail-org.springframework.boot.autoconfigure.mail.MailProperties': Could not bind properties to 'MailProperties' : prefix=spring.mail, ignoreInvalidFields=false, ignoreUnknownFields=true; nested exception is org.springframework.boot.context.properties.bind.BindException: Failed to bind properties under 'spring.mail.password' to java.lang.String
Caused by: org.springframework.beans.factory.UnsatisfiedDependencyException: Error creating bean with name 'mailSender' defined in class path resource [org/springframework/boot/autoconfigure/mail/MailSenderPropertiesConfiguration.class]: Unsatisfied dependency expressed through method 'mailSender' parameter 0; nested exception is org.springframework.boot.context.properties.ConfigurationPropertiesBindException: Error creating bean with name 'spring.mail-org.springframework.boot.autoconfigure.mail.MailProperties': Could not bind properties to 'MailProperties' : prefix=spring.mail, ignoreInvalidFields=false, ignoreUnknownFields=true; nested exception is org.springframework.boot.context.properties.bind.BindException: Failed to bind properties under 'spring.mail.password' to java.lang.String
Caused by: org.springframework.boot.context.properties.ConfigurationPropertiesBindException: Error creating bean with name 'spring.mail-org.springframework.boot.autoconfigure.mail.MailProperties': Could not bind properties to 'MailProperties' : prefix=spring.mail, ignoreInvalidFields=false, ignoreUnknownFields=true; nested exception is org.springframework.boot.context.properties.bind.BindException: Failed to bind properties under 'spring.mail.password' to java.lang.String
Caused by: org.springframework.boot.context.properties.bind.BindException: Failed to bind properties under 'spring.mail.password' to java.lang.String
Caused by: com.ulisesbocchio.jasyptspringboot.exception.DecryptionException: Unable to decrypt property: ENC(vnSna49/jRqOXK58Hno0EPGDsV3hUAN7XbXqY9nF0D1Uit8ZIMlziZ06WRipRNc6hbMdX1apJospktQS9xOLog==) resolved to: ENC(vnSna49/jRqOXK58Hno0EPGDsV3hUAN7XbXqY9nF0D1Uit8ZIMlziZ06WRipRNc6hbMdX1apJospktQS9xOLog==). Decryption of Properties failed,  make sure encryption/decryption passwords match
Caused by: org.jasypt.exceptions.EncryptionOperationNotPossibleException
</error>
    <system-out><![CDATA[2023-03-13 16:25:49.912  INFO 2792 --- [           main] .b.t.c.SpringBootTestContextBootstrapper : Neither @ContextConfiguration nor @ContextHierarchy found for test class [com.fct.nowcoder.TestTime], using SpringBootContextLoader
2023-03-13 16:25:49.913  INFO 2792 --- [           main] o.s.t.c.support.AbstractContextLoader    : Could not detect default resource locations for test class [com.fct.nowcoder.TestTime]: no resource found for suffixes {-context.xml, Context.groovy}.
2023-03-13 16:25:49.913  INFO 2792 --- [           main] t.c.s.AnnotationConfigContextLoaderUtils : Could not detect default configuration classes for test class [com.fct.nowcoder.TestTime]: TestTime does not declare any static, non-private, non-final, nested classes annotated with @Configuration.
2023-03-13 16:25:49.919  INFO 2792 --- [           main] .b.t.c.SpringBootTestContextBootstrapper : Found @SpringBootConfiguration com.fct.nowcoder.NowcoderApplication for test class com.fct.nowcoder.TestTime
2023-03-13 16:25:49.923  INFO 2792 --- [           main] .b.t.c.SpringBootTestContextBootstrapper : Loaded default TestExecutionListener class names from location [META-INF/spring.factories]: [org.springframework.boot.test.mock.mockito.MockitoTestExecutionListener, org.springframework.boot.test.mock.mockito.ResetMocksTestExecutionListener, org.springframework.boot.test.autoconfigure.restdocs.RestDocsTestExecutionListener, org.springframework.boot.test.autoconfigure.web.client.MockRestServiceServerResetTestExecutionListener, org.springframework.boot.test.autoconfigure.web.servlet.MockMvcPrintOnlyOnFailureTestExecutionListener, org.springframework.boot.test.autoconfigure.web.servlet.WebDriverTestExecutionListener, org.springframework.boot.test.autoconfigure.webservices.client.MockWebServiceServerTestExecutionListener, org.springframework.test.context.web.ServletTestExecutionListener, org.springframework.test.context.support.DirtiesContextBeforeModesTestExecutionListener, org.springframework.test.context.event.ApplicationEventsTestExecutionListener, org.springframework.test.context.support.DependencyInjectionTestExecutionListener, org.springframework.test.context.support.DirtiesContextTestExecutionListener, org.springframework.test.context.transaction.TransactionalTestExecutionListener, org.springframework.test.context.jdbc.SqlScriptsTestExecutionListener, org.springframework.test.context.event.EventPublishingTestExecutionListener]
2023-03-13 16:25:49.924  INFO 2792 --- [           main] .b.t.c.SpringBootTestContextBootstrapper : Using TestExecutionListeners: [org.springframework.test.context.web.ServletTestExecutionListener@14bd523b, org.springframework.test.context.support.DirtiesContextBeforeModesTestExecutionListener@cc7909f, org.springframework.test.context.event.ApplicationEventsTestExecutionListener@8ce4320, org.springframework.boot.test.mock.mockito.MockitoTestExecutionListener@42012093, org.springframework.boot.test.autoconfigure.SpringBootDependencyInjectionTestExecutionListener@3c538e62, org.springframework.test.context.support.DirtiesContextTestExecutionListener@ca0a21f, org.springframework.test.context.transaction.TransactionalTestExecutionListener@768d27e8, org.springframework.test.context.jdbc.SqlScriptsTestExecutionListener@3dc39412, org.springframework.test.context.event.EventPublishingTestExecutionListener@1d432d56, org.springframework.boot.test.mock.mockito.ResetMocksTestExecutionListener@147ad4bb, org.springframework.boot.test.autoconfigure.restdocs.RestDocsTestExecutionListener@bd703bb, org.springframework.boot.test.autoconfigure.web.client.MockRestServiceServerResetTestExecutionListener@2a9565d7, org.springframework.boot.test.autoconfigure.web.servlet.MockMvcPrintOnlyOnFailureTestExecutionListener@2e38d44e, org.springframework.boot.test.autoconfigure.web.servlet.WebDriverTestExecutionListener@6c25123e, org.springframework.boot.test.autoconfigure.webservices.client.MockWebServiceServerTestExecutionListener@5f5c0eda]

  .   ____          _            __ _ _
 /\\ / ___'_ __ _ _(_)_ __  __ _ \ \ \ \
( ( )\___ | '_ | '_| | '_ \/ _` | \ \ \ \
 \\/  ___)| |_)| | | | | || (_| |  ) ) ) )
  '  |____| .__|_| |_|_| |_\__, | / / / /
 =========|_|==============|___/=/_/_/_/
 :: Spring Boot ::                (v2.7.4)

2023-03-13 16:25:49.987  INFO 2792 --- [           main] com.fct.nowcoder.TestTime                : Starting TestTime using Java 1.8.0_251 on LAPTOP-F9ARDO1I with PID 2792 (started by fct in D:\project\javaProject\nowcoder)
2023-03-13 16:25:49.988  INFO 2792 --- [           main] com.fct.nowcoder.TestTime                : No active profile set, falling back to 1 default profile: "default"
2023-03-13 16:25:50.338  INFO 2792 --- [           main] .s.d.r.c.RepositoryConfigurationDelegate : Multiple Spring Data modules found, entering strict repository configuration mode
2023-03-13 16:25:50.338  INFO 2792 --- [           main] .s.d.r.c.RepositoryConfigurationDelegate : Bootstrapping Spring Data Redis repositories in DEFAULT mode.
2023-03-13 16:25:50.347  INFO 2792 --- [           main] .s.d.r.c.RepositoryConfigurationDelegate : Finished Spring Data repository scanning in 8 ms. Found 0 Redis repository interfaces.
2023-03-13 16:25:50.399  INFO 2792 --- [           main] ptablePropertiesBeanFactoryPostProcessor : Post-processing PropertySource instances
2023-03-13 16:25:50.400  INFO 2792 --- [           main] c.u.j.EncryptablePropertySourceConverter : Skipping PropertySource configurationProperties [class org.springframework.boot.context.properties.source.ConfigurationPropertySourcesPropertySource
2023-03-13 16:25:50.400  INFO 2792 --- [           main] c.u.j.EncryptablePropertySourceConverter : Converting PropertySource test [org.springframework.core.env.MapPropertySource] to EncryptableMapPropertySourceWrapper
2023-03-13 16:25:50.400  INFO 2792 --- [           main] c.u.j.EncryptablePropertySourceConverter : Converting PropertySource Inlined Test Properties [org.springframework.core.env.MapPropertySource] to EncryptableMapPropertySourceWrapper
2023-03-13 16:25:50.400  INFO 2792 --- [           main] c.u.j.EncryptablePropertySourceConverter : Skipping PropertySource servletConfigInitParams [class org.springframework.core.env.PropertySource$StubPropertySource
2023-03-13 16:25:50.400  INFO 2792 --- [           main] c.u.j.EncryptablePropertySourceConverter : Converting PropertySource servletContextInitParams [org.springframework.web.context.support.ServletContextPropertySource] to EncryptableEnumerablePropertySourceWrapper
2023-03-13 16:25:50.400  INFO 2792 --- [           main] c.u.j.EncryptablePropertySourceConverter : Converting PropertySource systemProperties [org.springframework.core.env.PropertiesPropertySource] to EncryptableMapPropertySourceWrapper
2023-03-13 16:25:50.400  INFO 2792 --- [           main] c.u.j.EncryptablePropertySourceConverter : Converting PropertySource systemEnvironment [org.springframework.boot.env.SystemEnvironmentPropertySourceEnvironmentPostProcessor$OriginAwareSystemEnvironmentPropertySource] to EncryptableSystemEnvironmentPropertySourceWrapper
2023-03-13 16:25:50.400  INFO 2792 --- [           main] c.u.j.EncryptablePropertySourceConverter : Converting PropertySource random [org.springframework.boot.env.RandomValuePropertySource] to EncryptablePropertySourceWrapper
2023-03-13 16:25:50.400  INFO 2792 --- [           main] c.u.j.EncryptablePropertySourceConverter : Converting PropertySource Config resource 'class path resource [application.yml]' via location 'optional:classpath:/' [org.springframework.boot.env.OriginTrackedMapPropertySource] to EncryptableMapPropertySourceWrapper
2023-03-13 16:25:50.578  INFO 2792 --- [           main] c.u.j.filter.DefaultLazyPropertyFilter   : Property Filter custom Bean not found with name 'encryptablePropertyFilter'. Initializing Default Property Filter
2023-03-13 16:25:50.581  INFO 2792 --- [           main] c.u.j.r.DefaultLazyPropertyResolver      : Property Resolver custom Bean not found with name 'encryptablePropertyResolver'. Initializing Default Property Resolver
2023-03-13 16:25:50.581  INFO 2792 --- [           main] c.u.j.d.DefaultLazyPropertyDetector      : Property Detector custom Bean not found with name 'encryptablePropertyDetector'. Initializing Default Property Detector
2023-03-13 16:25:50.650  INFO 2792 --- [           main] c.a.d.s.b.a.DruidDataSourceAutoConfigure : Init DruidDataSource
2023-03-13 16:25:50.721  INFO 2792 --- [           main] com.alibaba.druid.pool.DruidDataSource   : {dataSource-13} inited
2023-03-13 16:25:50.818  INFO 2792 --- [           main] c.u.j.encryptor.DefaultLazyEncryptor     : String Encryptor custom Bean not found with name 'jasyptStringEncryptor'. Initializing Default String Encryptor
2023-03-13 16:25:50.822  INFO 2792 --- [           main] c.u.j.c.StringEncryptorBuilder           : Encryptor config not found for property jasypt.encryptor.key-obtention-iterations, using default value: 1000
2023-03-13 16:25:50.822  INFO 2792 --- [           main] c.u.j.c.StringEncryptorBuilder           : Encryptor config not found for property jasypt.encryptor.pool-size, using default value: 1
2023-03-13 16:25:50.822  INFO 2792 --- [           main] c.u.j.c.StringEncryptorBuilder           : Encryptor config not found for property jasypt.encryptor.provider-name, using default value: null
2023-03-13 16:25:50.822  INFO 2792 --- [           main] c.u.j.c.StringEncryptorBuilder           : Encryptor config not found for property jasypt.encryptor.provider-class-name, using default value: null
2023-03-13 16:25:50.822  INFO 2792 --- [           main] c.u.j.c.StringEncryptorBuilder           : Encryptor config not found for property jasypt.encryptor.salt-generator-classname, using default value: org.jasypt.salt.RandomSaltGenerator
2023-03-13 16:25:50.822  INFO 2792 --- [           main] c.u.j.c.StringEncryptorBuilder           : Encryptor config not found for property jasypt.encryptor.iv-generator-classname, using default value: org.jasypt.iv.RandomIvGenerator
2023-03-13 16:25:50.823  INFO 2792 --- [           main] c.u.j.c.StringEncryptorBuilder           : Encryptor config not found for property jasypt.encryptor.string-output-type, using default value: base64
2023-03-13 16:25:50.840  WARN 2792 --- [           main] o.s.w.c.s.GenericWebApplicationContext   : Exception encountered during context initialization - cancelling refresh attempt: org.springframework.beans.factory.BeanCreationException: Error creating bean with name 'mvcConfig': Injection of resource dependencies failed; nested exception is org.springframework.beans.factory.BeanCreationException: Error creating bean with name 'loginTicketInterceptor': Injection of resource dependencies failed; nested exception is org.springframework.beans.factory.UnsatisfiedDependencyException: Error creating bean with name 'userServiceImpl': Unsatisfied dependency expressed through field 'mailClient'; nested exception is org.springframework.beans.factory.BeanCreationException: Error creating bean with name 'mailClient': Injection of resource dependencies failed; nested exception is org.springframework.beans.factory.UnsatisfiedDependencyException: Error creating bean with name 'mailSender' defined in class path resource [org/springframework/boot/autoconfigure/mail/MailSenderPropertiesConfiguration.class]: Unsatisfied dependency expressed through method 'mailSender' parameter 0; nested exception is org.springframework.boot.context.properties.ConfigurationPropertiesBindException: Error creating bean with name 'spring.mail-org.springframework.boot.autoconfigure.mail.MailProperties': Could not bind properties to 'MailProperties' : prefix=spring.mail, ignoreInvalidFields=false, ignoreUnknownFields=true; nested exception is org.springframework.boot.context.properties.bind.BindException: Failed to bind properties under 'spring.mail.password' to java.lang.String
2023-03-13 16:25:50.841  INFO 2792 --- [           main] com.alibaba.druid.pool.DruidDataSource   : {dataSource-13} closing ...
2023-03-13 16:25:50.842  INFO 2792 --- [           main] com.alibaba.druid.pool.DruidDataSource   : {dataSource-13} closed
2023-03-13 16:25:50.854  INFO 2792 --- [           main] ConditionEvaluationReportLoggingListener : 

Error starting ApplicationContext. To display the conditions report re-run your application with 'debug' enabled.
2023-03-13 16:25:50.856 ERROR 2792 --- [           main] o.s.b.d.LoggingFailureAnalysisReporter   : 

***************************
APPLICATION FAILED TO START
***************************

Description:

Failed to bind properties under 'spring.mail.password' to java.lang.String:

    Reason: org.springframework.boot.context.properties.bind.BindException: Failed to bind properties under 'spring.mail.password' to java.lang.String

Action:

Update your application's configuration

2023-03-13 16:25:50.866 ERROR 2792 --- [           main] o.s.test.context.TestContextManager      : Caught exception while allowing TestExecutionListener [org.springframework.test.context.web.ServletTestExecutionListener@14bd523b] to prepare test instance [com.fct.nowcoder.TestTime@656c0eae]

java.lang.IllegalStateException: Failed to load ApplicationContext
	at org.springframework.test.context.cache.DefaultCacheAwareContextLoaderDelegate.loadContext(DefaultCacheAwareContextLoaderDelegate.java:98) ~[spring-test-5.3.23.jar:5.3.23]
	at org.springframework.test.context.support.DefaultTestContext.getApplicationContext(DefaultTestContext.java:124) ~[spring-test-5.3.23.jar:5.3.23]
	at org.springframework.test.context.web.ServletTestExecutionListener.setUpRequestContextIfNecessary(ServletTestExecutionListener.java:190) ~[spring-test-5.3.23.jar:5.3.23]
	at org.springframework.test.context.web.ServletTestExecutionListener.prepareTestInstance(ServletTestExecutionListener.java:132) ~[spring-test-5.3.23.jar:5.3.23]
	at org.springframework.test.context.TestContextManager.prepareTestInstance(TestContextManager.java:248) ~[spring-test-5.3.23.jar:5.3.23]
	at org.springframework.test.context.junit.jupiter.SpringExtension.postProcessTestInstance(SpringExtension.java:138) [spring-test-5.3.23.jar:5.3.23]
	at org.junit.jupiter.engine.descriptor.ClassBasedTestDescriptor.lambda$invokeTestInstancePostProcessors$8(ClassBasedTestDescriptor.java:363) [junit-jupiter-engine-5.8.2.jar:5.8.2]
	at org.junit.jupiter.engine.descriptor.ClassBasedTestDescriptor.executeAndMaskThrowable(ClassBasedTestDescriptor.java:368) [junit-jupiter-engine-5.8.2.jar:5.8.2]
	at org.junit.jupiter.engine.descriptor.ClassBasedTestDescriptor.lambda$invokeTestInstancePostProcessors$9(ClassBasedTestDescriptor.java:363) [junit-jupiter-engine-5.8.2.jar:5.8.2]
	at java.util.stream.ReferencePipeline$3$1.accept(ReferencePipeline.java:193) ~[na:1.8.0_251]
	at java.util.stream.ReferencePipeline$2$1.accept(ReferencePipeline.java:175) ~[na:1.8.0_251]
	at java.util.ArrayList$ArrayListSpliterator.forEachRemaining(ArrayList.java:1382) ~[na:1.8.0_251]
	at java.util.stream.AbstractPipeline.copyInto(AbstractPipeline.java:482) ~[na:1.8.0_251]
	at java.util.stream.AbstractPipeline.wrapAndCopyInto(AbstractPipeline.java:472) ~[na:1.8.0_251]
	at java.util.stream.StreamSpliterators$WrappingSpliterator.forEachRemaining(StreamSpliterators.java:312) ~[na:1.8.0_251]
	at java.util.stream.Streams$ConcatSpliterator.forEachRemaining(Streams.java:743) ~[na:1.8.0_251]
	at java.util.stream.Streams$ConcatSpliterator.forEachRemaining(Streams.java:742) ~[na:1.8.0_251]
	at java.util.stream.ReferencePipeline$Head.forEach(ReferencePipeline.java:580) ~[na:1.8.0_251]
	at org.junit.jupiter.engine.descriptor.ClassBasedTestDescriptor.invokeTestInstancePostProcessors(ClassBasedTestDescriptor.java:362) [junit-jupiter-engine-5.8.2.jar:5.8.2]
	at org.junit.jupiter.engine.descriptor.ClassBasedTestDescriptor.lambda$instantiateAndPostProcessTestInstance$6(ClassBasedTestDescriptor.java:283) [junit-jupiter-engine-5.8.2.jar:5.8.2]
	at org.junit.platform.engine.support.hierarchical.ThrowableCollector.execute(ThrowableCollector.java:73) ~[junit-platform-engine-1.8.2.jar:1.8.2]
	at org.junit.jupiter.engine.descriptor.ClassBasedTestDescriptor.instantiateAndPostProcessTestInstance(ClassBasedTestDescriptor.java:282) [junit-jupiter-engine-5.8.2.jar:5.8.2]
	at org.junit.jupiter.engine.descriptor.ClassBasedTestDescriptor.lambda$testInstancesProvider$4(ClassBasedTestDescriptor.java:272) [junit-jupiter-engine-5.8.2.jar:5.8.2]
	at java.util.Optional.orElseGet(Optional.java:267) ~[na:1.8.0_251]
	at org.junit.jupiter.engine.descriptor.ClassBasedTestDescriptor.lambda$testInstancesProvider$5(ClassBasedTestDescriptor.java:271) [junit-jupiter-engine-5.8.2.jar:5.8.2]
	at org.junit.jupiter.engine.execution.TestInstancesProvider.getTestInstances(TestInstancesProvider.java:31) ~[junit-jupiter-engine-5.8.2.jar:5.8.2]
	at org.junit.jupiter.engine.descriptor.TestMethodTestDescriptor.lambda$prepare$0(TestMethodTestDescriptor.java:102) ~[junit-jupiter-engine-5.8.2.jar:5.8.2]
	at org.junit.platform.engine.support.hierarchical.ThrowableCollector.execute(ThrowableCollector.java:73) ~[junit-platform-engine-1.8.2.jar:1.8.2]
	at org.junit.jupiter.engine.descriptor.TestMethodTestDescriptor.prepare(TestMethodTestDescriptor.java:101) ~[junit-jupiter-engine-5.8.2.jar:5.8.2]
	at org.junit.jupiter.engine.descriptor.TestMethodTestDescriptor.prepare(TestMethodTestDescriptor.java:66) ~[junit-jupiter-engine-5.8.2.jar:5.8.2]
	at org.junit.platform.engine.support.hierarchical.NodeTestTask.lambda$prepare$2(NodeTestTask.java:123) ~[junit-platform-engine-1.8.2.jar:1.8.2]
	at org.junit.platform.engine.support.hierarchical.ThrowableCollector.execute(ThrowableCollector.java:73) ~[junit-platform-engine-1.8.2.jar:1.8.2]
	at org.junit.platform.engine.support.hierarchical.NodeTestTask.prepare(NodeTestTask.java:123) ~[junit-platform-engine-1.8.2.jar:1.8.2]
	at org.junit.platform.engine.support.hierarchical.NodeTestTask.execute(NodeTestTask.java:90) ~[junit-platform-engine-1.8.2.jar:1.8.2]
	at java.util.ArrayList.forEach(ArrayList.java:1257) ~[na:1.8.0_251]
	at org.junit.platform.engine.support.hierarchical.SameThreadHierarchicalTestExecutorService.invokeAll(SameThreadHierarchicalTestExecutorService.java:41) ~[junit-platform-engine-1.8.2.jar:1.8.2]
	at org.junit.platform.engine.support.hierarchical.NodeTestTask.lambda$executeRecursively$6(NodeTestTask.java:155) ~[junit-platform-engine-1.8.2.jar:1.8.2]
	at org.junit.platform.engine.support.hierarchical.ThrowableCollector.execute(ThrowableCollector.java:73) ~[junit-platform-engine-1.8.2.jar:1.8.2]
	at org.junit.platform.engine.support.hierarchical.NodeTestTask.lambda$executeRecursively$8(NodeTestTask.java:141) ~[junit-platform-engine-1.8.2.jar:1.8.2]
	at org.junit.platform.engine.support.hierarchical.Node.around(Node.java:137) ~[junit-platform-engine-1.8.2.jar:1.8.2]
	at org.junit.platform.engine.support.hierarchical.NodeTestTask.lambda$executeRecursively$9(NodeTestTask.java:139) ~[junit-platform-engine-1.8.2.jar:1.8.2]
	at org.junit.platform.engine.support.hierarchical.ThrowableCollector.execute(ThrowableCollector.java:73) ~[junit-platform-engine-1.8.2.jar:1.8.2]
	at org.junit.platform.engine.support.hierarchical.NodeTestTask.executeRecursively(NodeTestTask.java:138) ~[junit-platform-engine-1.8.2.jar:1.8.2]
	at org.junit.platform.engine.support.hierarchical.NodeTestTask.execute(NodeTestTask.java:95) ~[junit-platform-engine-1.8.2.jar:1.8.2]
	at java.util.ArrayList.forEach(ArrayList.java:1257) ~[na:1.8.0_251]
	at org.junit.platform.engine.support.hierarchical.SameThreadHierarchicalTestExecutorService.invokeAll(SameThreadHierarchicalTestExecutorService.java:41) ~[junit-platform-engine-1.8.2.jar:1.8.2]
	at org.junit.platform.engine.support.hierarchical.NodeTestTask.lambda$executeRecursively$6(NodeTestTask.java:155) ~[junit-platform-engine-1.8.2.jar:1.8.2]
	at org.junit.platform.engine.support.hierarchical.ThrowableCollector.execute(ThrowableCollector.java:73) ~[junit-platform-engine-1.8.2.jar:1.8.2]
	at org.junit.platform.engine.support.hierarchical.NodeTestTask.lambda$executeRecursively$8(NodeTestTask.java:141) ~[junit-platform-engine-1.8.2.jar:1.8.2]
	at org.junit.platform.engine.support.hierarchical.Node.around(Node.java:137) ~[junit-platform-engine-1.8.2.jar:1.8.2]
	at org.junit.platform.engine.support.hierarchical.NodeTestTask.lambda$executeRecursively$9(NodeTestTask.java:139) ~[junit-platform-engine-1.8.2.jar:1.8.2]
	at org.junit.platform.engine.support.hierarchical.ThrowableCollector.execute(ThrowableCollector.java:73) ~[junit-platform-engine-1.8.2.jar:1.8.2]
	at org.junit.platform.engine.support.hierarchical.NodeTestTask.executeRecursively(NodeTestTask.java:138) ~[junit-platform-engine-1.8.2.jar:1.8.2]
	at org.junit.platform.engine.support.hierarchical.NodeTestTask.execute(NodeTestTask.java:95) ~[junit-platform-engine-1.8.2.jar:1.8.2]
	at org.junit.platform.engine.support.hierarchical.SameThreadHierarchicalTestExecutorService.submit(SameThreadHierarchicalTestExecutorService.java:35) ~[junit-platform-engine-1.8.2.jar:1.8.2]
	at org.junit.platform.engine.support.hierarchical.HierarchicalTestExecutor.execute(HierarchicalTestExecutor.java:57) ~[junit-platform-engine-1.8.2.jar:1.8.2]
	at org.junit.platform.engine.support.hierarchical.HierarchicalTestEngine.execute(HierarchicalTestEngine.java:54) ~[junit-platform-engine-1.8.2.jar:1.8.2]
	at org.junit.platform.launcher.core.DefaultLauncher.execute(DefaultLauncher.java:220) ~[junit-platform-launcher-1.3.1.jar:1.3.1]
	at org.junit.platform.launcher.core.DefaultLauncher.lambda$execute$6(DefaultLauncher.java:188) ~[junit-platform-launcher-1.3.1.jar:1.3.1]
	at org.junit.platform.launcher.core.DefaultLauncher.withInterceptedStreams(DefaultLauncher.java:202) ~[junit-platform-launcher-1.3.1.jar:1.3.1]
	at org.junit.platform.launcher.core.DefaultLauncher.execute(DefaultLauncher.java:181) ~[junit-platform-launcher-1.3.1.jar:1.3.1]
	at org.junit.platform.launcher.core.DefaultLauncher.execute(DefaultLauncher.java:128) ~[junit-platform-launcher-1.3.1.jar:1.3.1]
	at org.apache.maven.surefire.junitplatform.JUnitPlatformProvider.invokeAllTests(JUnitPlatformProvider.java:150) ~[surefire-junit-platform-2.22.2.jar:2.22.2]
	at org.apache.maven.surefire.junitplatform.JUnitPlatformProvider.invoke(JUnitPlatformProvider.java:124) ~[surefire-junit-platform-2.22.2.jar:2.22.2]
	at org.apache.maven.surefire.booter.ForkedBooter.invokeProviderInSameClassLoader(ForkedBooter.java:384) ~[surefire-booter-2.22.2.jar:2.22.2]
	at org.apache.maven.surefire.booter.ForkedBooter.runSuitesInProcess(ForkedBooter.java:345) ~[surefire-booter-2.22.2.jar:2.22.2]
	at org.apache.maven.surefire.booter.ForkedBooter.execute(ForkedBooter.java:126) ~[surefire-booter-2.22.2.jar:2.22.2]
	at org.apache.maven.surefire.booter.ForkedBooter.main(ForkedBooter.java:418) ~[surefire-booter-2.22.2.jar:2.22.2]
Caused by: org.springframework.beans.factory.BeanCreationException: Error creating bean with name 'mvcConfig': Injection of resource dependencies failed; nested exception is org.springframework.beans.factory.BeanCreationException: Error creating bean with name 'loginTicketInterceptor': Injection of resource dependencies failed; nested exception is org.springframework.beans.factory.UnsatisfiedDependencyException: Error creating bean with name 'userServiceImpl': Unsatisfied dependency expressed through field 'mailClient'; nested exception is org.springframework.beans.factory.BeanCreationException: Error creating bean with name 'mailClient': Injection of resource dependencies failed; nested exception is org.springframework.beans.factory.UnsatisfiedDependencyException: Error creating bean with name 'mailSender' defined in class path resource [org/springframework/boot/autoconfigure/mail/MailSenderPropertiesConfiguration.class]: Unsatisfied dependency expressed through method 'mailSender' parameter 0; nested exception is org.springframework.boot.context.properties.ConfigurationPropertiesBindException: Error creating bean with name 'spring.mail-org.springframework.boot.autoconfigure.mail.MailProperties': Could not bind properties to 'MailProperties' : prefix=spring.mail, ignoreInvalidFields=false, ignoreUnknownFields=true; nested exception is org.springframework.boot.context.properties.bind.BindException: Failed to bind properties under 'spring.mail.password' to java.lang.String
	at org.springframework.context.annotation.CommonAnnotationBeanPostProcessor.postProcessProperties(CommonAnnotationBeanPostProcessor.java:332) ~[spring-context-5.3.23.jar:5.3.23]
	at org.springframework.beans.factory.support.AbstractAutowireCapableBeanFactory.populateBean(AbstractAutowireCapableBeanFactory.java:1431) ~[spring-beans-5.3.23.jar:5.3.23]
	at org.springframework.beans.factory.support.AbstractAutowireCapableBeanFactory.doCreateBean(AbstractAutowireCapableBeanFactory.java:619) ~[spring-beans-5.3.23.jar:5.3.23]
	at org.springframework.beans.factory.support.AbstractAutowireCapableBeanFactory.createBean(AbstractAutowireCapableBeanFactory.java:542) ~[spring-beans-5.3.23.jar:5.3.23]
	at org.springframework.beans.factory.support.AbstractBeanFactory.lambda$doGetBean$0(AbstractBeanFactory.java:335) ~[spring-beans-5.3.23.jar:5.3.23]
	at org.springframework.beans.factory.support.DefaultSingletonBeanRegistry.getSingleton(DefaultSingletonBeanRegistry.java:234) ~[spring-beans-5.3.23.jar:5.3.23]
	at org.springframework.beans.factory.support.AbstractBeanFactory.doGetBean(AbstractBeanFactory.java:333) ~[spring-beans-5.3.23.jar:5.3.23]
	at org.springframework.beans.factory.support.AbstractBeanFactory.getBean(AbstractBeanFactory.java:208) ~[spring-beans-5.3.23.jar:5.3.23]
	at org.springframework.beans.factory.support.DefaultListableBeanFactory.preInstantiateSingletons(DefaultListableBeanFactory.java:955) ~[spring-beans-5.3.23.jar:5.3.23]
	at org.springframework.context.support.AbstractApplicationContext.finishBeanFactoryInitialization(AbstractApplicationContext.java:918) ~[spring-context-5.3.23.jar:5.3.23]
	at org.springframework.context.support.AbstractApplicationContext.refresh(AbstractApplicationContext.java:583) ~[spring-context-5.3.23.jar:5.3.23]
	at org.springframework.boot.SpringApplication.refresh(SpringApplication.java:734) ~[spring-boot-2.7.4.jar:2.7.4]
	at org.springframework.boot.SpringApplication.refreshContext(SpringApplication.java:408) ~[spring-boot-2.7.4.jar:2.7.4]
	at org.springframework.boot.SpringApplication.run(SpringApplication.java:308) ~[spring-boot-2.7.4.jar:2.7.4]
	at org.springframework.boot.test.context.SpringBootContextLoader.loadContext(SpringBootContextLoader.java:132) ~[spring-boot-test-2.7.4.jar:2.7.4]
	at org.springframework.test.context.cache.DefaultCacheAwareContextLoaderDelegate.loadContextInternal(DefaultCacheAwareContextLoaderDelegate.java:141) ~[spring-test-5.3.23.jar:5.3.23]
	at org.springframework.test.context.cache.DefaultCacheAwareContextLoaderDelegate.loadContext(DefaultCacheAwareContextLoaderDelegate.java:90) ~[spring-test-5.3.23.jar:5.3.23]
	... 67 common frames omitted
Caused by: org.springframework.beans.factory.BeanCreationException: Error creating bean with name 'loginTicketInterceptor': Injection of resource dependencies failed; nested exception is org.springframework.beans.factory.UnsatisfiedDependencyException: Error creating bean with name 'userServiceImpl': Unsatisfied dependency expressed through field 'mailClient'; nested exception is org.springframework.beans.factory.BeanCreationException: Error creating bean with name 'mailClient': Injection of resource dependencies failed; nested exception is org.springframework.beans.factory.UnsatisfiedDependencyException: Error creating bean with name 'mailSender' defined in class path resource [org/springframework/boot/autoconfigure/mail/MailSenderPropertiesConfiguration.class]: Unsatisfied dependency expressed through method 'mailSender' parameter 0; nested exception is org.springframework.boot.context.properties.ConfigurationPropertiesBindException: Error creating bean with name 'spring.mail-org.springframework.boot.autoconfigure.mail.MailProperties': Could not bind properties to 'MailProperties' : prefix=spring.mail, ignoreInvalidFields=false, ignoreUnknownFields=true; nested exception is org.springframework.boot.context.properties.bind.BindException: Failed to bind properties under 'spring.mail.password' to java.lang.String
	at org.springframework.context.annotation.CommonAnnotationBeanPostProcessor.postProcessProperties(CommonAnnotationBeanPostProcessor.java:332) ~[spring-context-5.3.23.jar:5.3.23]
	at org.springframework.beans.factory.support.AbstractAutowireCapableBeanFactory.populateBean(AbstractAutowireCapableBeanFactory.java:1431) ~[spring-beans-5.3.23.jar:5.3.23]
	at org.springframework.beans.factory.support.AbstractAutowireCapableBeanFactory.doCreateBean(AbstractAutowireCapableBeanFactory.java:619) ~[spring-beans-5.3.23.jar:5.3.23]
	at org.springframework.beans.factory.support.AbstractAutowireCapableBeanFactory.createBean(AbstractAutowireCapableBeanFactory.java:542) ~[spring-beans-5.3.23.jar:5.3.23]
	at org.springframework.beans.factory.support.AbstractBeanFactory.lambda$doGetBean$0(AbstractBeanFactory.java:335) ~[spring-beans-5.3.23.jar:5.3.23]
	at org.springframework.beans.factory.support.DefaultSingletonBeanRegistry.getSingleton(DefaultSingletonBeanRegistry.java:234) ~[spring-beans-5.3.23.jar:5.3.23]
	at org.springframework.beans.factory.support.AbstractBeanFactory.doGetBean(AbstractBeanFactory.java:333) ~[spring-beans-5.3.23.jar:5.3.23]
	at org.springframework.beans.factory.support.AbstractBeanFactory.getBean(AbstractBeanFactory.java:213) ~[spring-beans-5.3.23.jar:5.3.23]
	at org.springframework.beans.factory.support.AbstractAutowireCapableBeanFactory.resolveBeanByName(AbstractAutowireCapableBeanFactory.java:479) ~[spring-beans-5.3.23.jar:5.3.23]
	at org.springframework.context.annotation.CommonAnnotationBeanPostProcessor.autowireResource(CommonAnnotationBeanPostProcessor.java:550) ~[spring-context-5.3.23.jar:5.3.23]
	at org.springframework.context.annotation.CommonAnnotationBeanPostProcessor.getResource(CommonAnnotationBeanPostProcessor.java:520) ~[spring-context-5.3.23.jar:5.3.23]
	at org.springframework.context.annotation.CommonAnnotationBeanPostProcessor$ResourceElement.getResourceToInject(CommonAnnotationBeanPostProcessor.java:673) ~[spring-context-5.3.23.jar:5.3.23]
	at org.springframework.beans.factory.annotation.InjectionMetadata$InjectedElement.inject(InjectionMetadata.java:228) ~[spring-beans-5.3.23.jar:5.3.23]
	at org.springframework.beans.factory.annotation.InjectionMetadata.inject(InjectionMetadata.java:119) ~[spring-beans-5.3.23.jar:5.3.23]
	at org.springframework.context.annotation.CommonAnnotationBeanPostProcessor.postProcessProperties(CommonAnnotationBeanPostProcessor.java:329) ~[spring-context-5.3.23.jar:5.3.23]
	... 83 common frames omitted
Caused by: org.springframework.beans.factory.UnsatisfiedDependencyException: Error creating bean with name 'userServiceImpl': Unsatisfied dependency expressed through field 'mailClient'; nested exception is org.springframework.beans.factory.BeanCreationException: Error creating bean with name 'mailClient': Injection of resource dependencies failed; nested exception is org.springframework.beans.factory.UnsatisfiedDependencyException: Error creating bean with name 'mailSender' defined in class path resource [org/springframework/boot/autoconfigure/mail/MailSenderPropertiesConfiguration.class]: Unsatisfied dependency expressed through method 'mailSender' parameter 0; nested exception is org.springframework.boot.context.properties.ConfigurationPropertiesBindException: Error creating bean with name 'spring.mail-org.springframework.boot.autoconfigure.mail.MailProperties': Could not bind properties to 'MailProperties' : prefix=spring.mail, ignoreInvalidFields=false, ignoreUnknownFields=true; nested exception is org.springframework.boot.context.properties.bind.BindException: Failed to bind properties under 'spring.mail.password' to java.lang.String
	at org.springframework.beans.factory.annotation.AutowiredAnnotationBeanPostProcessor$AutowiredFieldElement.resolveFieldValue(AutowiredAnnotationBeanPostProcessor.java:659) ~[spring-beans-5.3.23.jar:5.3.23]
	at org.springframework.beans.factory.annotation.AutowiredAnnotationBeanPostProcessor$AutowiredFieldElement.inject(AutowiredAnnotationBeanPostProcessor.java:639) ~[spring-beans-5.3.23.jar:5.3.23]
	at org.springframework.beans.factory.annotation.InjectionMetadata.inject(InjectionMetadata.java:119) ~[spring-beans-5.3.23.jar:5.3.23]
	at org.springframework.beans.factory.annotation.AutowiredAnnotationBeanPostProcessor.postProcessProperties(AutowiredAnnotationBeanPostProcessor.java:399) ~[spring-beans-5.3.23.jar:5.3.23]
	at org.springframework.beans.factory.support.AbstractAutowireCapableBeanFactory.populateBean(AbstractAutowireCapableBeanFactory.java:1431) ~[spring-beans-5.3.23.jar:5.3.23]
	at org.springframework.beans.factory.support.AbstractAutowireCapableBeanFactory.doCreateBean(AbstractAutowireCapableBeanFactory.java:619) ~[spring-beans-5.3.23.jar:5.3.23]
	at org.springframework.beans.factory.support.AbstractAutowireCapableBeanFactory.createBean(AbstractAutowireCapableBeanFactory.java:542) ~[spring-beans-5.3.23.jar:5.3.23]
	at org.springframework.beans.factory.support.AbstractBeanFactory.lambda$doGetBean$0(AbstractBeanFactory.java:335) ~[spring-beans-5.3.23.jar:5.3.23]
	at org.springframework.beans.factory.support.DefaultSingletonBeanRegistry.getSingleton(DefaultSingletonBeanRegistry.java:234) ~[spring-beans-5.3.23.jar:5.3.23]
	at org.springframework.beans.factory.support.AbstractBeanFactory.doGetBean(AbstractBeanFactory.java:333) ~[spring-beans-5.3.23.jar:5.3.23]
	at org.springframework.beans.factory.support.AbstractBeanFactory.getBean(AbstractBeanFactory.java:208) ~[spring-beans-5.3.23.jar:5.3.23]
	at org.springframework.beans.factory.config.DependencyDescriptor.resolveCandidate(DependencyDescriptor.java:276) ~[spring-beans-5.3.23.jar:5.3.23]
	at org.springframework.beans.factory.support.DefaultListableBeanFactory.doResolveDependency(DefaultListableBeanFactory.java:1391) ~[spring-beans-5.3.23.jar:5.3.23]
	at org.springframework.beans.factory.support.DefaultListableBeanFactory.resolveDependency(DefaultListableBeanFactory.java:1311) ~[spring-beans-5.3.23.jar:5.3.23]
	at org.springframework.context.annotation.CommonAnnotationBeanPostProcessor.autowireResource(CommonAnnotationBeanPostProcessor.java:544) ~[spring-context-5.3.23.jar:5.3.23]
	at org.springframework.context.annotation.CommonAnnotationBeanPostProcessor.getResource(CommonAnnotationBeanPostProcessor.java:520) ~[spring-context-5.3.23.jar:5.3.23]
	at org.springframework.context.annotation.CommonAnnotationBeanPostProcessor$ResourceElement.getResourceToInject(CommonAnnotationBeanPostProcessor.java:673) ~[spring-context-5.3.23.jar:5.3.23]
	at org.springframework.beans.factory.annotation.InjectionMetadata$InjectedElement.inject(InjectionMetadata.java:228) ~[spring-beans-5.3.23.jar:5.3.23]
	at org.springframework.beans.factory.annotation.InjectionMetadata.inject(InjectionMetadata.java:119) ~[spring-beans-5.3.23.jar:5.3.23]
	at org.springframework.context.annotation.CommonAnnotationBeanPostProcessor.postProcessProperties(CommonAnnotationBeanPostProcessor.java:329) ~[spring-context-5.3.23.jar:5.3.23]
	... 97 common frames omitted
Caused by: org.springframework.beans.factory.BeanCreationException: Error creating bean with name 'mailClient': Injection of resource dependencies failed; nested exception is org.springframework.beans.factory.UnsatisfiedDependencyException: Error creating bean with name 'mailSender' defined in class path resource [org/springframework/boot/autoconfigure/mail/MailSenderPropertiesConfiguration.class]: Unsatisfied dependency expressed through method 'mailSender' parameter 0; nested exception is org.springframework.boot.context.properties.ConfigurationPropertiesBindException: Error creating bean with name 'spring.mail-org.springframework.boot.autoconfigure.mail.MailProperties': Could not bind properties to 'MailProperties' : prefix=spring.mail, ignoreInvalidFields=false, ignoreUnknownFields=true; nested exception is org.springframework.boot.context.properties.bind.BindException: Failed to bind properties under 'spring.mail.password' to java.lang.String
	at org.springframework.context.annotation.CommonAnnotationBeanPostProcessor.postProcessProperties(CommonAnnotationBeanPostProcessor.java:332) ~[spring-context-5.3.23.jar:5.3.23]
	at org.springframework.beans.factory.support.AbstractAutowireCapableBeanFactory.populateBean(AbstractAutowireCapableBeanFactory.java:1431) ~[spring-beans-5.3.23.jar:5.3.23]
	at org.springframework.beans.factory.support.AbstractAutowireCapableBeanFactory.doCreateBean(AbstractAutowireCapableBeanFactory.java:619) ~[spring-beans-5.3.23.jar:5.3.23]
	at org.springframework.beans.factory.support.AbstractAutowireCapableBeanFactory.createBean(AbstractAutowireCapableBeanFactory.java:542) ~[spring-beans-5.3.23.jar:5.3.23]
	at org.springframework.beans.factory.support.AbstractBeanFactory.lambda$doGetBean$0(AbstractBeanFactory.java:335) ~[spring-beans-5.3.23.jar:5.3.23]
	at org.springframework.beans.factory.support.DefaultSingletonBeanRegistry.getSingleton(DefaultSingletonBeanRegistry.java:234) ~[spring-beans-5.3.23.jar:5.3.23]
	at org.springframework.beans.factory.support.AbstractBeanFactory.doGetBean(AbstractBeanFactory.java:333) ~[spring-beans-5.3.23.jar:5.3.23]
	at org.springframework.beans.factory.support.AbstractBeanFactory.getBean(AbstractBeanFactory.java:208) ~[spring-beans-5.3.23.jar:5.3.23]
	at org.springframework.beans.factory.config.DependencyDescriptor.resolveCandidate(DependencyDescriptor.java:276) ~[spring-beans-5.3.23.jar:5.3.23]
	at org.springframework.beans.factory.support.DefaultListableBeanFactory.doResolveDependency(DefaultListableBeanFactory.java:1391) ~[spring-beans-5.3.23.jar:5.3.23]
	at org.springframework.beans.factory.support.DefaultListableBeanFactory.resolveDependency(DefaultListableBeanFactory.java:1311) ~[spring-beans-5.3.23.jar:5.3.23]
	at org.springframework.beans.factory.annotation.AutowiredAnnotationBeanPostProcessor$AutowiredFieldElement.resolveFieldValue(AutowiredAnnotationBeanPostProcessor.java:656) ~[spring-beans-5.3.23.jar:5.3.23]
	... 116 common frames omitted
Caused by: org.springframework.beans.factory.UnsatisfiedDependencyException: Error creating bean with name 'mailSender' defined in class path resource [org/springframework/boot/autoconfigure/mail/MailSenderPropertiesConfiguration.class]: Unsatisfied dependency expressed through method 'mailSender' parameter 0; nested exception is org.springframework.boot.context.properties.ConfigurationPropertiesBindException: Error creating bean with name 'spring.mail-org.springframework.boot.autoconfigure.mail.MailProperties': Could not bind properties to 'MailProperties' : prefix=spring.mail, ignoreInvalidFields=false, ignoreUnknownFields=true; nested exception is org.springframework.boot.context.properties.bind.BindException: Failed to bind properties under 'spring.mail.password' to java.lang.String
	at org.springframework.beans.factory.support.ConstructorResolver.createArgumentArray(ConstructorResolver.java:800) ~[spring-beans-5.3.23.jar:5.3.23]
	at org.springframework.beans.factory.support.ConstructorResolver.instantiateUsingFactoryMethod(ConstructorResolver.java:541) ~[spring-beans-5.3.23.jar:5.3.23]
	at org.springframework.beans.factory.support.AbstractAutowireCapableBeanFactory.instantiateUsingFactoryMethod(AbstractAutowireCapableBeanFactory.java:1352) ~[spring-beans-5.3.23.jar:5.3.23]
	at org.springframework.beans.factory.support.AbstractAutowireCapableBeanFactory.createBeanInstance(AbstractAutowireCapableBeanFactory.java:1195) ~[spring-beans-5.3.23.jar:5.3.23]
	at org.springframework.beans.factory.support.AbstractAutowireCapableBeanFactory.doCreateBean(AbstractAutowireCapableBeanFactory.java:582) ~[spring-beans-5.3.23.jar:5.3.23]
	at org.springframework.beans.factory.support.AbstractAutowireCapableBeanFactory.createBean(AbstractAutowireCapableBeanFactory.java:542) ~[spring-beans-5.3.23.jar:5.3.23]
	at org.springframework.beans.factory.support.AbstractBeanFactory.lambda$doGetBean$0(AbstractBeanFactory.java:335) ~[spring-beans-5.3.23.jar:5.3.23]
	at org.springframework.beans.factory.support.DefaultSingletonBeanRegistry.getSingleton(DefaultSingletonBeanRegistry.java:234) ~[spring-beans-5.3.23.jar:5.3.23]
	at org.springframework.beans.factory.support.AbstractBeanFactory.doGetBean(AbstractBeanFactory.java:333) ~[spring-beans-5.3.23.jar:5.3.23]
	at org.springframework.beans.factory.support.AbstractBeanFactory.getBean(AbstractBeanFactory.java:213) ~[spring-beans-5.3.23.jar:5.3.23]
	at org.springframework.beans.factory.support.AbstractAutowireCapableBeanFactory.resolveBeanByName(AbstractAutowireCapableBeanFactory.java:479) ~[spring-beans-5.3.23.jar:5.3.23]
	at org.springframework.context.annotation.CommonAnnotationBeanPostProcessor.autowireResource(CommonAnnotationBeanPostProcessor.java:550) ~[spring-context-5.3.23.jar:5.3.23]
	at org.springframework.context.annotation.CommonAnnotationBeanPostProcessor.getResource(CommonAnnotationBeanPostProcessor.java:520) ~[spring-context-5.3.23.jar:5.3.23]
	at org.springframework.context.annotation.CommonAnnotationBeanPostProcessor$ResourceElement.getResourceToInject(CommonAnnotationBeanPostProcessor.java:673) ~[spring-context-5.3.23.jar:5.3.23]
	at org.springframework.beans.factory.annotation.InjectionMetadata$InjectedElement.inject(InjectionMetadata.java:228) ~[spring-beans-5.3.23.jar:5.3.23]
	at org.springframework.beans.factory.annotation.InjectionMetadata.inject(InjectionMetadata.java:119) ~[spring-beans-5.3.23.jar:5.3.23]
	at org.springframework.context.annotation.CommonAnnotationBeanPostProcessor.postProcessProperties(CommonAnnotationBeanPostProcessor.java:329) ~[spring-context-5.3.23.jar:5.3.23]
	... 127 common frames omitted
Caused by: org.springframework.boot.context.properties.ConfigurationPropertiesBindException: Error creating bean with name 'spring.mail-org.springframework.boot.autoconfigure.mail.MailProperties': Could not bind properties to 'MailProperties' : prefix=spring.mail, ignoreInvalidFields=false, ignoreUnknownFields=true; nested exception is org.springframework.boot.context.properties.bind.BindException: Failed to bind properties under 'spring.mail.password' to java.lang.String
	at org.springframework.boot.context.properties.ConfigurationPropertiesBindingPostProcessor.bind(ConfigurationPropertiesBindingPostProcessor.java:92) ~[spring-boot-2.7.4.jar:2.7.4]
	at org.springframework.boot.context.properties.ConfigurationPropertiesBindingPostProcessor.postProcessBeforeInitialization(ConfigurationPropertiesBindingPostProcessor.java:78) ~[spring-boot-2.7.4.jar:2.7.4]
	at org.springframework.beans.factory.support.AbstractAutowireCapableBeanFactory.applyBeanPostProcessorsBeforeInitialization(AbstractAutowireCapableBeanFactory.java:440) ~[spring-beans-5.3.23.jar:5.3.23]
	at org.springframework.beans.factory.support.AbstractAutowireCapableBeanFactory.initializeBean(AbstractAutowireCapableBeanFactory.java:1796) ~[spring-beans-5.3.23.jar:5.3.23]
	at org.springframework.beans.factory.support.AbstractAutowireCapableBeanFactory.doCreateBean(AbstractAutowireCapableBeanFactory.java:620) ~[spring-beans-5.3.23.jar:5.3.23]
	at org.springframework.beans.factory.support.AbstractAutowireCapableBeanFactory.createBean(AbstractAutowireCapableBeanFactory.java:542) ~[spring-beans-5.3.23.jar:5.3.23]
	at org.springframework.beans.factory.support.AbstractBeanFactory.lambda$doGetBean$0(AbstractBeanFactory.java:335) ~[spring-beans-5.3.23.jar:5.3.23]
	at org.springframework.beans.factory.support.DefaultSingletonBeanRegistry.getSingleton(DefaultSingletonBeanRegistry.java:234) ~[spring-beans-5.3.23.jar:5.3.23]
	at org.springframework.beans.factory.support.AbstractBeanFactory.doGetBean(AbstractBeanFactory.java:333) ~[spring-beans-5.3.23.jar:5.3.23]
	at org.springframework.beans.factory.support.AbstractBeanFactory.getBean(AbstractBeanFactory.java:208) ~[spring-beans-5.3.23.jar:5.3.23]
	at org.springframework.beans.factory.config.DependencyDescriptor.resolveCandidate(DependencyDescriptor.java:276) ~[spring-beans-5.3.23.jar:5.3.23]
	at org.springframework.beans.factory.support.DefaultListableBeanFactory.doResolveDependency(DefaultListableBeanFactory.java:1391) ~[spring-beans-5.3.23.jar:5.3.23]
	at org.springframework.beans.factory.support.DefaultListableBeanFactory.resolveDependency(DefaultListableBeanFactory.java:1311) ~[spring-beans-5.3.23.jar:5.3.23]
	at org.springframework.beans.factory.support.ConstructorResolver.resolveAutowiredArgument(ConstructorResolver.java:887) ~[spring-beans-5.3.23.jar:5.3.23]
	at org.springframework.beans.factory.support.ConstructorResolver.createArgumentArray(ConstructorResolver.java:791) ~[spring-beans-5.3.23.jar:5.3.23]
	... 143 common frames omitted
Caused by: org.springframework.boot.context.properties.bind.BindException: Failed to bind properties under 'spring.mail.password' to java.lang.String
	at org.springframework.boot.context.properties.bind.Binder.handleBindError(Binder.java:387) ~[spring-boot-2.7.4.jar:2.7.4]
	at org.springframework.boot.context.properties.bind.Binder.bind(Binder.java:347) ~[spring-boot-2.7.4.jar:2.7.4]
	at org.springframework.boot.context.properties.bind.Binder.lambda$bindDataObject$4(Binder.java:472) ~[spring-boot-2.7.4.jar:2.7.4]
	at org.springframework.boot.context.properties.bind.JavaBeanBinder.bind(JavaBeanBinder.java:95) ~[spring-boot-2.7.4.jar:2.7.4]
	at org.springframework.boot.context.properties.bind.JavaBeanBinder.bind(JavaBeanBinder.java:83) ~[spring-boot-2.7.4.jar:2.7.4]
	at org.springframework.boot.context.properties.bind.JavaBeanBinder.bind(JavaBeanBinder.java:59) ~[spring-boot-2.7.4.jar:2.7.4]
	at org.springframework.boot.context.properties.bind.Binder.lambda$bindDataObject$5(Binder.java:476) ~[spring-boot-2.7.4.jar:2.7.4]
	at org.springframework.boot.context.properties.bind.Binder$Context.withIncreasedDepth(Binder.java:590) ~[spring-boot-2.7.4.jar:2.7.4]
	at org.springframework.boot.context.properties.bind.Binder$Context.withDataObject(Binder.java:576) ~[spring-boot-2.7.4.jar:2.7.4]
	at org.springframework.boot.context.properties.bind.Binder$Context.access$300(Binder.java:537) ~[spring-boot-2.7.4.jar:2.7.4]
	at org.springframework.boot.context.properties.bind.Binder.bindDataObject(Binder.java:474) ~[spring-boot-2.7.4.jar:2.7.4]
	at org.springframework.boot.context.properties.bind.Binder.bindObject(Binder.java:414) ~[spring-boot-2.7.4.jar:2.7.4]
	at org.springframework.boot.context.properties.bind.Binder.bind(Binder.java:343) ~[spring-boot-2.7.4.jar:2.7.4]
	at org.springframework.boot.context.properties.bind.Binder.bind(Binder.java:332) ~[spring-boot-2.7.4.jar:2.7.4]
	at org.springframework.boot.context.properties.bind.Binder.bind(Binder.java:262) ~[spring-boot-2.7.4.jar:2.7.4]
	at org.springframework.boot.context.properties.bind.Binder.bind(Binder.java:249) ~[spring-boot-2.7.4.jar:2.7.4]
	at org.springframework.boot.context.properties.ConfigurationPropertiesBinder.bind(ConfigurationPropertiesBinder.java:95) ~[spring-boot-2.7.4.jar:2.7.4]
	at org.springframework.boot.context.properties.ConfigurationPropertiesBindingPostProcessor.bind(ConfigurationPropertiesBindingPostProcessor.java:89) ~[spring-boot-2.7.4.jar:2.7.4]
	... 157 common frames omitted
Caused by: com.ulisesbocchio.jasyptspringboot.exception.DecryptionException: Unable to decrypt property: ENC(vnSna49/jRqOXK58Hno0EPGDsV3hUAN7XbXqY9nF0D1Uit8ZIMlziZ06WRipRNc6hbMdX1apJospktQS9xOLog==) resolved to: ENC(vnSna49/jRqOXK58Hno0EPGDsV3hUAN7XbXqY9nF0D1Uit8ZIMlziZ06WRipRNc6hbMdX1apJospktQS9xOLog==). Decryption of Properties failed,  make sure encryption/decryption passwords match
	at com.ulisesbocchio.jasyptspringboot.resolver.DefaultPropertyResolver.lambda$resolvePropertyValue$0(DefaultPropertyResolver.java:63) ~[jasypt-spring-boot-3.0.5.jar:na]
	at java.util.Optional.map(Optional.java:215) ~[na:1.8.0_251]
	at com.ulisesbocchio.jasyptspringboot.resolver.DefaultPropertyResolver.resolvePropertyValue(DefaultPropertyResolver.java:57) ~[jasypt-spring-boot-3.0.5.jar:na]
	at com.ulisesbocchio.jasyptspringboot.resolver.DefaultLazyPropertyResolver.resolvePropertyValue(DefaultLazyPropertyResolver.java:69) ~[jasypt-spring-boot-3.0.5.jar:na]
	at com.ulisesbocchio.jasyptspringboot.caching.CachingDelegateEncryptablePropertySource.getProperty(CachingDelegateEncryptablePropertySource.java:74) ~[jasypt-spring-boot-3.0.5.jar:na]
	at com.ulisesbocchio.jasyptspringboot.wrapper.EncryptableMapPropertySourceWrapper.getProperty(EncryptableMapPropertySourceWrapper.java:40) ~[jasypt-spring-boot-3.0.5.jar:na]
	at org.springframework.boot.context.properties.source.SpringIterableConfigurationPropertySource.getConfigurationProperty(SpringIterableConfigurationPropertySource.java:105) ~[spring-boot-2.7.4.jar:2.7.4]
	at org.springframework.boot.context.properties.bind.Binder.findProperty(Binder.java:447) ~[spring-boot-2.7.4.jar:2.7.4]
	at org.springframework.boot.context.properties.bind.Binder.bindObject(Binder.java:393) ~[spring-boot-2.7.4.jar:2.7.4]
	at org.springframework.boot.context.properties.bind.Binder.bind(Binder.java:343) ~[spring-boot-2.7.4.jar:2.7.4]
	... 173 common frames omitted
Caused by: org.jasypt.exceptions.EncryptionOperationNotPossibleException: null
	at org.jasypt.encryption.pbe.StandardPBEByteEncryptor.decrypt(StandardPBEByteEncryptor.java:1169) ~[jasypt-1.9.3.jar:na]
	at org.jasypt.encryption.pbe.StandardPBEStringEncryptor.decrypt(StandardPBEStringEncryptor.java:738) ~[jasypt-1.9.3.jar:na]
	at org.jasypt.encryption.pbe.PooledPBEStringEncryptor.decrypt(PooledPBEStringEncryptor.java:511) ~[jasypt-1.9.3.jar:na]
	at com.ulisesbocchio.jasyptspringboot.encryptor.DefaultLazyEncryptor.decrypt(DefaultLazyEncryptor.java:73) ~[jasypt-spring-boot-3.0.5.jar:na]
	at com.ulisesbocchio.jasyptspringboot.resolver.DefaultPropertyResolver.lambda$resolvePropertyValue$0(DefaultPropertyResolver.java:61) ~[jasypt-spring-boot-3.0.5.jar:na]
	... 182 common frames omitted

]]></system-out>
  </testcase>
</testsuite>